[2022-02-24T09:57:20.526Z] Validating found git in: git
[2022-02-24T09:57:20.566Z] Using git 2.25.1 from git
[2022-02-24T11:31:42.570Z] > git rev-parse --git-dir [1ms]
[2022-02-24T11:31:42.582Z] Open repository: /home/azureuser/dockerfile_exercises/duo-task
[2022-02-24T11:31:42.601Z] > git symbolic-ref --short HEAD [2ms]
[2022-02-24T11:31:42.611Z] > git for-each-ref --format=%(refname)%00%(upstream:short)%00%(objectname)%00%(upstream:track) refs/heads/master refs/remotes/master [2ms]
[2022-02-24T11:31:42.620Z] > git for-each-ref --sort -committerdate --format %(refname) %(objectname) %(*objectname) [6ms]
[2022-02-24T11:31:42.621Z] > git remote --verbose [4ms]
[2022-02-24T11:31:42.631Z] > git config --get commit.template [5ms]
[2022-02-24T11:32:23.911Z] > git ls-files --stage -- /home/azureuser/dockerfile_exercises/duo-task/Dockerfile [3ms]
[2022-02-24T11:32:23.918Z] > git cat-file -s 59183c098286c1abf3bb57bd9f2f454426647482 [4ms]
[2022-02-24T11:34:01.918Z] > git ls-files --stage -- /home/azureuser/dockerfile_exercises/duo-task/Dockerfile [2ms]
[2022-02-24T11:34:01.922Z] > git cat-file -s 59183c098286c1abf3bb57bd9f2f454426647482 [1ms]
[2022-02-24T11:34:12.367Z] > git ls-files --stage -- /home/azureuser/dockerfile_exercises/duo-task/app.py [3ms]
[2022-02-24T11:34:12.371Z] > git cat-file -s 7461eb811c5bcb54fc66fee5e86b1bd554c4dd5f [2ms]
[2022-02-24T11:34:17.561Z] > git ls-files --stage -- /home/azureuser/dockerfile_exercises/duo-task/Dockerfile [3ms]
[2022-02-24T11:34:17.565Z] > git cat-file -s 59183c098286c1abf3bb57bd9f2f454426647482 [1ms]
[2022-02-24T11:34:20.096Z] > git ls-files --stage -- /home/azureuser/dockerfile_exercises/duo-task/nginx.conf [5ms]
[2022-02-24T11:34:20.114Z] > git cat-file -s 7211f007680a6b2918d94a3b6f6831455c20ed10 [9ms]
[2022-02-24T11:34:23.588Z] > git ls-files --stage -- /home/azureuser/dockerfile_exercises/duo-task/README.md [126ms]
[2022-02-24T11:34:23.594Z] > git cat-file -s 13e99ff01c75a56bdaf07f633042580db45be657 [3ms]
[2022-02-24T11:35:08.602Z] > git ls-files --stage -- /home/azureuser/dockerfile_exercises/duo-task/Dockerfile [5ms]
[2022-02-24T11:35:08.607Z] > git cat-file -s 59183c098286c1abf3bb57bd9f2f454426647482 [2ms]
[2022-02-24T11:35:54.903Z] > git ls-files --stage -- /home/azureuser/dockerfile_exercises/duo-task/requirements.txt [3ms]
[2022-02-24T11:35:54.907Z] > git cat-file -s 7deaf3b366b1d168e3d9b5f5b4a00b5e618e14f5 [1ms]
[2022-02-24T11:35:57.591Z] > git ls-files --stage -- /home/azureuser/dockerfile_exercises/duo-task/README.md [3ms]
[2022-02-24T11:35:57.595Z] > git cat-file -s 13e99ff01c75a56bdaf07f633042580db45be657 [2ms]
[2022-02-24T11:36:02.458Z] > git ls-files --stage -- /home/azureuser/dockerfile_exercises/duo-task/nginx.conf [7ms]
[2022-02-24T11:36:02.462Z] > git cat-file -s 7211f007680a6b2918d94a3b6f6831455c20ed10 [2ms]
[2022-02-24T11:36:09.258Z] > git ls-files --stage -- /home/azureuser/dockerfile_exercises/duo-task/app.py [3ms]
[2022-02-24T11:36:09.263Z] > git cat-file -s 7461eb811c5bcb54fc66fee5e86b1bd554c4dd5f [2ms]
[2022-02-24T11:37:29.334Z] > git ls-files --stage -- /home/azureuser/dockerfile_exercises/duo-task/Dockerfile [2ms]
[2022-02-24T11:37:29.339Z] > git cat-file -s 59183c098286c1abf3bb57bd9f2f454426647482 [2ms]
[2022-02-24T11:43:07.999Z] > git ls-files --stage -- /home/azureuser/dockerfile_exercises/duo-task/requirements.txt [4ms]
[2022-02-24T11:43:08.006Z] > git cat-file -s 7deaf3b366b1d168e3d9b5f5b4a00b5e618e14f5 [5ms]
[2022-02-24T11:43:54.715Z] > git ls-files --stage -- /home/azureuser/dockerfile_exercises/duo-task/duo_task.dockerignore [7ms]
[2022-02-24T11:43:55.393Z] > git symbolic-ref --short HEAD [2ms]
[2022-02-24T11:43:55.398Z] > git for-each-ref --format=%(refname)%00%(upstream:short)%00%(objectname)%00%(upstream:track) refs/heads/master refs/remotes/master [2ms]
[2022-02-24T11:43:55.404Z] > git for-each-ref --sort -committerdate --format %(refname) %(objectname) %(*objectname) [4ms]
[2022-02-24T11:43:55.406Z] > git remote --verbose [2ms]
[2022-02-24T11:43:55.413Z] > git config --get commit.template [1ms]
[2022-02-24T11:45:29.246Z] > git symbolic-ref --short HEAD [2ms]
[2022-02-24T11:45:29.251Z] > git for-each-ref --format=%(refname)%00%(upstream:short)%00%(objectname)%00%(upstream:track) refs/heads/master refs/remotes/master [2ms]
[2022-02-24T11:45:29.257Z] > git for-each-ref --sort -committerdate --format %(refname) %(objectname) %(*objectname) [4ms]
[2022-02-24T11:45:29.259Z] > git remote --verbose [2ms]
[2022-02-24T11:45:29.265Z] > git config --get commit.template [2ms]
[2022-02-24T11:45:48.782Z] > git ls-files --stage -- /home/azureuser/dockerfile_exercises/duo-task/Dockerfile [3ms]
[2022-02-24T11:45:48.786Z] > git cat-file -s 59183c098286c1abf3bb57bd9f2f454426647482 [2ms]
[2022-02-24T11:47:50.697Z] > git symbolic-ref --short HEAD [2ms]
[2022-02-24T11:47:50.702Z] > git for-each-ref --format=%(refname)%00%(upstream:short)%00%(objectname)%00%(upstream:track) refs/heads/master refs/remotes/master [2ms]
[2022-02-24T11:47:50.709Z] > git for-each-ref --sort -committerdate --format %(refname) %(objectname) %(*objectname) [5ms]
[2022-02-24T11:47:50.711Z] > git remote --verbose [3ms]
[2022-02-24T11:47:50.721Z] > git config --get commit.template [2ms]
[2022-02-24T11:49:50.563Z] > git ls-files --stage -- /home/azureuser/dockerfile_exercises/duo-task/app.py [3ms]
[2022-02-24T11:49:50.567Z] > git cat-file -s 7461eb811c5bcb54fc66fee5e86b1bd554c4dd5f [2ms]
[2022-02-24T11:50:19.526Z] > git ls-files --stage -- /home/azureuser/dockerfile_exercises/duo-task/Dockerfile [3ms]
[2022-02-24T11:50:19.530Z] > git cat-file -s 59183c098286c1abf3bb57bd9f2f454426647482 [2ms]
[2022-02-24T11:50:24.966Z] > git ls-files --stage -- /home/azureuser/dockerfile_exercises/duo-task/duo_task.dockerignore [4ms]
[2022-02-24T11:51:01.755Z] > git ls-files --stage -- /home/azureuser/dockerfile_exercises/duo-task/Dockerfile [2ms]
[2022-02-24T11:51:01.760Z] > git cat-file -s 59183c098286c1abf3bb57bd9f2f454426647482 [2ms]
[2022-02-24T11:51:19.055Z] > git ls-files --stage -- /home/azureuser/dockerfile_exercises/duo-task/app.py [3ms]
[2022-02-24T11:51:19.060Z] > git cat-file -s 7461eb811c5bcb54fc66fee5e86b1bd554c4dd5f [3ms]
[2022-02-24T11:51:19.849Z] > git symbolic-ref --short HEAD [2ms]
[2022-02-24T11:51:19.854Z] > git for-each-ref --format=%(refname)%00%(upstream:short)%00%(objectname)%00%(upstream:track) refs/heads/master refs/remotes/master [2ms]
[2022-02-24T11:51:19.861Z] > git for-each-ref --sort -committerdate --format %(refname) %(objectname) %(*objectname) [5ms]
[2022-02-24T11:51:19.863Z] > git remote --verbose [3ms]
[2022-02-24T11:51:19.869Z] > git config --get commit.template [2ms]
[2022-02-24T11:51:34.088Z] > git ls-files --stage -- /home/azureuser/dockerfile_exercises/duo-task/Dockerfile [2ms]
[2022-02-24T11:51:34.092Z] > git cat-file -s 59183c098286c1abf3bb57bd9f2f454426647482 [1ms]
[2022-02-24T11:54:10.056Z] > git ls-files --stage -- /home/azureuser/dockerfile_exercises/duo-task/Dockerfile [3ms]
[2022-02-24T11:54:10.061Z] > git cat-file -s 59183c098286c1abf3bb57bd9f2f454426647482 [2ms]
[2022-02-24T11:54:24.736Z] > git ls-files --stage -- /home/azureuser/dockerfile_exercises/duo-task/app.py [3ms]
[2022-02-24T11:54:24.740Z] > git cat-file -s 7461eb811c5bcb54fc66fee5e86b1bd554c4dd5f [1ms]
[2022-02-24T11:54:32.086Z] > git symbolic-ref --short HEAD [2ms]
[2022-02-24T11:54:32.090Z] > git for-each-ref --format=%(refname)%00%(upstream:short)%00%(objectname)%00%(upstream:track) refs/heads/master refs/remotes/master [1ms]
[2022-02-24T11:54:32.097Z] > git for-each-ref --sort -committerdate --format %(refname) %(objectname) %(*objectname) [4ms]
[2022-02-24T11:54:32.102Z] > git remote --verbose [5ms]
[2022-02-24T11:54:32.108Z] > git config --get commit.template [1ms]
[2022-02-24T11:56:42.781Z] > git ls-files --stage -- /home/azureuser/dockerfile_exercises/duo-task/Dockerfile [4ms]
[2022-02-24T11:56:42.785Z] > git cat-file -s 59183c098286c1abf3bb57bd9f2f454426647482 [2ms]
[2022-02-24T11:57:59.382Z] > git symbolic-ref --short HEAD [3ms]
[2022-02-24T11:57:59.387Z] > git for-each-ref --format=%(refname)%00%(upstream:short)%00%(objectname)%00%(upstream:track) refs/heads/master refs/remotes/master [2ms]
[2022-02-24T11:57:59.394Z] > git for-each-ref --sort -committerdate --format %(refname) %(objectname) %(*objectname) [4ms]
[2022-02-24T11:57:59.396Z] > git remote --verbose [3ms]
[2022-02-24T11:57:59.402Z] > git config --get commit.template [1ms]
[2022-02-24T12:01:59.813Z] > git ls-files --stage -- /home/azureuser/dockerfile_exercises/duo-task/requirements.txt [3ms]
[2022-02-24T12:01:59.817Z] > git cat-file -s 7deaf3b366b1d168e3d9b5f5b4a00b5e618e14f5 [2ms]
[2022-02-24T12:10:14.598Z] > git ls-files --stage -- /home/azureuser/dockerfile_exercises/duo-task/Dockerfile [2ms]
[2022-02-24T12:10:14.602Z] > git cat-file -s 59183c098286c1abf3bb57bd9f2f454426647482 [1ms]
[2022-02-24T12:10:40.651Z] > git symbolic-ref --short HEAD [2ms]
[2022-02-24T12:10:40.656Z] > git for-each-ref --format=%(refname)%00%(upstream:short)%00%(objectname)%00%(upstream:track) refs/heads/master refs/remotes/master [2ms]
[2022-02-24T12:10:40.663Z] > git for-each-ref --sort -committerdate --format %(refname) %(objectname) %(*objectname) [5ms]
[2022-02-24T12:10:40.664Z] > git remote --verbose [2ms]
[2022-02-24T12:10:40.673Z] > git config --get commit.template [1ms]
[2022-02-24T12:12:23.042Z] > git ls-files --stage -- /home/azureuser/dockerfile_exercises/duo-task/requirements.txt [3ms]
[2022-02-24T12:12:23.046Z] > git cat-file -s 7deaf3b366b1d168e3d9b5f5b4a00b5e618e14f5 [1ms]
[2022-02-24T12:12:32.055Z] > git ls-files --stage -- /home/azureuser/dockerfile_exercises/duo-task/Dockerfile [2ms]
[2022-02-24T12:12:32.059Z] > git cat-file -s 59183c098286c1abf3bb57bd9f2f454426647482 [1ms]
[2022-02-24T12:12:53.062Z] > git symbolic-ref --short HEAD [1ms]
[2022-02-24T12:12:53.067Z] > git for-each-ref --format=%(refname)%00%(upstream:short)%00%(objectname)%00%(upstream:track) refs/heads/master refs/remotes/master [2ms]
[2022-02-24T12:12:53.073Z] > git for-each-ref --sort -committerdate --format %(refname) %(objectname) %(*objectname) [4ms]
[2022-02-24T12:12:53.075Z] > git remote --verbose [2ms]
[2022-02-24T12:12:53.082Z] > git config --get commit.template [3ms]
[2022-02-24T12:14:05.496Z] > git ls-files --stage -- /home/azureuser/dockerfile_exercises/duo-task/requirements.txt [2ms]
[2022-02-24T12:14:05.501Z] > git cat-file -s 7deaf3b366b1d168e3d9b5f5b4a00b5e618e14f5 [2ms]
[2022-02-24T12:14:11.263Z] > git ls-files --stage -- /home/azureuser/dockerfile_exercises/duo-task/Dockerfile [3ms]
[2022-02-24T12:14:11.268Z] > git cat-file -s 59183c098286c1abf3bb57bd9f2f454426647482 [3ms]
[2022-02-24T12:15:12.866Z] > git symbolic-ref --short HEAD [2ms]
[2022-02-24T12:15:12.871Z] > git for-each-ref --format=%(refname)%00%(upstream:short)%00%(objectname)%00%(upstream:track) refs/heads/master refs/remotes/master [2ms]
[2022-02-24T12:15:12.877Z] > git for-each-ref --sort -committerdate --format %(refname) %(objectname) %(*objectname) [4ms]
[2022-02-24T12:15:12.879Z] > git remote --verbose [2ms]
[2022-02-24T12:15:12.886Z] > git config --get commit.template [1ms]
[2022-02-24T12:15:46.212Z] > git symbolic-ref --short HEAD [2ms]
[2022-02-24T12:15:46.217Z] > git for-each-ref --format=%(refname)%00%(upstream:short)%00%(objectname)%00%(upstream:track) refs/heads/master refs/remotes/master [2ms]
[2022-02-24T12:15:46.223Z] > git for-each-ref --sort -committerdate --format %(refname) %(objectname) %(*objectname) [4ms]
[2022-02-24T12:15:46.225Z] > git remote --verbose [2ms]
[2022-02-24T12:15:46.231Z] > git config --get commit.template [2ms]
[2022-02-24T12:23:48.512Z] > git ls-files --stage -- /home/azureuser/dockerfile_exercises/duo-task/app.py [4ms]
[2022-02-24T12:23:48.518Z] > git cat-file -s 7461eb811c5bcb54fc66fee5e86b1bd554c4dd5f [2ms]
[2022-02-24T12:24:44.950Z] > git symbolic-ref --short HEAD [10ms]
[2022-02-24T12:24:44.955Z] > git for-each-ref --format=%(refname)%00%(upstream:short)%00%(objectname)%00%(upstream:track) refs/heads/master refs/remotes/master [3ms]
[2022-02-24T12:24:44.962Z] > git for-each-ref --sort -committerdate --format %(refname) %(objectname) %(*objectname) [5ms]
[2022-02-24T12:24:44.968Z] > git remote --verbose [7ms]
[2022-02-24T12:24:44.973Z] > git config --get commit.template [1ms]
[2022-02-24T12:33:13.796Z] > git ls-files --stage -- /home/azureuser/dockerfile_exercises/duo-task/Dockerfile [3ms]
[2022-02-24T12:33:13.800Z] > git cat-file -s 59183c098286c1abf3bb57bd9f2f454426647482 [1ms]
[2022-02-24T14:46:55.352Z] > git rev-parse --git-dir [1ms]
[2022-02-24T14:46:55.355Z] Open repository: /home/azureuser/dockerfile_exercises/multi-stage-build-exercise
[2022-02-24T14:46:55.366Z] > git symbolic-ref --short HEAD [1ms]
[2022-02-24T14:46:55.371Z] > git for-each-ref --format=%(refname)%00%(upstream:short)%00%(objectname)%00%(upstream:track) refs/heads/master refs/remotes/master [2ms]
[2022-02-24T14:46:55.378Z] > git for-each-ref --sort -committerdate --format %(refname) %(objectname) %(*objectname) [4ms]
[2022-02-24T14:46:55.380Z] > git remote --verbose [2ms]
[2022-02-24T14:46:55.389Z] > git config --get commit.template [5ms]
[2022-02-24T14:47:16.706Z] > git symbolic-ref --short HEAD [2ms]
[2022-02-24T14:47:16.710Z] > git for-each-ref --format=%(refname)%00%(upstream:short)%00%(objectname)%00%(upstream:track) refs/heads/master refs/remotes/master [2ms]
[2022-02-24T14:47:16.717Z] > git for-each-ref --sort -committerdate --format %(refname) %(objectname) %(*objectname) [4ms]
[2022-02-24T14:47:16.718Z] > git remote --verbose [2ms]
[2022-02-24T14:47:16.724Z] > git config --get commit.template [1ms]
[2022-02-24T14:49:35.492Z] > git symbolic-ref --short HEAD [2ms]
[2022-02-24T14:49:35.496Z] > git for-each-ref --format=%(refname)%00%(upstream:short)%00%(objectname)%00%(upstream:track) refs/heads/master refs/remotes/master [1ms]
[2022-02-24T14:49:35.504Z] > git for-each-ref --sort -committerdate --format %(refname) %(objectname) %(*objectname) [5ms]
[2022-02-24T14:49:35.506Z] > git remote --verbose [3ms]
[2022-02-24T14:49:35.512Z] > git config --get commit.template [2ms]
