[2022-03-03T17:14:00.620Z] Validating found git in: git
[2022-03-03T17:14:00.698Z] Using git 2.25.1 from git
[2022-03-03T17:14:00.763Z] > git rev-parse --git-dir [2ms]
[2022-03-03T17:14:00.769Z] Open repository: /home/azureuser/trio-task
[2022-03-03T17:14:00.821Z] > git symbolic-ref --short HEAD [4ms]
[2022-03-03T17:14:00.836Z] > git for-each-ref --format=%(refname)%00%(upstream:short)%00%(objectname)%00%(upstream:track) refs/heads/master refs/remotes/master [11ms]
[2022-03-03T17:14:00.846Z] > git for-each-ref --sort -committerdate --format %(refname) %(objectname) %(*objectname) [7ms]
[2022-03-03T17:14:00.849Z] > git remote --verbose [7ms]
[2022-03-03T17:14:00.859Z] > git config --get commit.template [2ms]
[2022-03-03T17:14:01.270Z] > git ls-files --stage -- /home/azureuser/trio-task/flask-app/app.py [4ms]
[2022-03-03T17:14:01.276Z] > git cat-file -s 72054453c5b75ffb9670ca4b4701fcae3028b48c [3ms]
[2022-03-03T17:18:47.592Z] > git rev-parse --git-dir [2ms]
[2022-03-03T17:18:47.594Z] Open repository: /home/azureuser/docker-compose-tutorial/trio-task
[2022-03-03T17:18:47.604Z] > git symbolic-ref --short HEAD [2ms]
[2022-03-03T17:18:47.609Z] > git for-each-ref --format=%(refname)%00%(upstream:short)%00%(objectname)%00%(upstream:track) refs/heads/main refs/remotes/main [2ms]
[2022-03-03T17:18:47.615Z] > git for-each-ref --sort -committerdate --format %(refname) %(objectname) %(*objectname) [4ms]
[2022-03-03T17:18:47.617Z] > git remote --verbose [3ms]
[2022-03-03T17:18:47.625Z] > git config --get commit.template [3ms]
[2022-03-03T17:20:28.538Z] > git symbolic-ref --short HEAD [2ms]
[2022-03-03T17:20:28.542Z] > git for-each-ref --format=%(refname)%00%(upstream:short)%00%(objectname)%00%(upstream:track) refs/heads/main refs/remotes/main [2ms]
[2022-03-03T17:20:28.548Z] > git for-each-ref --sort -committerdate --format %(refname) %(objectname) %(*objectname) [4ms]
[2022-03-03T17:20:28.550Z] > git remote --verbose [2ms]
[2022-03-03T17:20:28.559Z] > git config --get commit.template [2ms]
[2022-03-03T17:27:09.458Z] > git symbolic-ref --short HEAD [1ms]
[2022-03-03T17:27:09.462Z] > git for-each-ref --format=%(refname)%00%(upstream:short)%00%(objectname)%00%(upstream:track) refs/heads/main refs/remotes/main [1ms]
[2022-03-03T17:27:09.468Z] > git for-each-ref --sort -committerdate --format %(refname) %(objectname) %(*objectname) [4ms]
[2022-03-03T17:27:09.470Z] > git remote --verbose [2ms]
[2022-03-03T17:27:09.476Z] > git config --get commit.template [3ms]
[2022-03-03T17:28:14.197Z] > git symbolic-ref --short HEAD [2ms]
[2022-03-03T17:28:14.201Z] > git for-each-ref --format=%(refname)%00%(upstream:short)%00%(objectname)%00%(upstream:track) refs/heads/main refs/remotes/main [2ms]
[2022-03-03T17:28:14.207Z] > git for-each-ref --sort -committerdate --format %(refname) %(objectname) %(*objectname) [4ms]
[2022-03-03T17:28:14.208Z] > git remote --verbose [2ms]
[2022-03-03T17:28:14.216Z] > git config --get commit.template [2ms]
[2022-03-03T17:32:10.540Z] > git rev-parse --git-dir [1ms]
[2022-03-03T17:32:10.544Z] Open repository: /home/azureuser
[2022-03-03T17:32:10.594Z] > git symbolic-ref --short HEAD [2ms]
[2022-03-03T17:32:10.597Z] > git for-each-ref --format=%(refname)%00%(upstream:short)%00%(objectname)%00%(upstream:track) refs/heads/master refs/remotes/master [1ms]
[2022-03-03T17:32:10.604Z] > git for-each-ref --sort -committerdate --format %(refname) %(objectname) %(*objectname) [4ms]
[2022-03-03T17:32:10.605Z] > git remote --verbose [2ms]
[2022-03-03T17:32:11.169Z] > git config --get commit.template [26ms]
[2022-03-03T17:32:13.502Z] > git symbolic-ref --short HEAD [2ms]
[2022-03-03T17:32:13.506Z] > git for-each-ref --format=%(refname)%00%(upstream:short)%00%(objectname)%00%(upstream:track) refs/heads/master refs/remotes/master [2ms]
[2022-03-03T17:32:13.512Z] > git for-each-ref --sort -committerdate --format %(refname) %(objectname) %(*objectname) [3ms]
[2022-03-03T17:32:13.514Z] > git remote --verbose [2ms]
[2022-03-03T17:32:13.562Z] > git config --get commit.template [2ms]
[2022-03-03T17:32:18.591Z] > git symbolic-ref --short HEAD [1ms]
[2022-03-03T17:32:18.636Z] > git for-each-ref --format=%(refname)%00%(upstream:short)%00%(objectname)%00%(upstream:track) refs/heads/master refs/remotes/master [42ms]
[2022-03-03T17:32:18.644Z] > git for-each-ref --sort -committerdate --format %(refname) %(objectname) %(*objectname) [4ms]
[2022-03-03T17:32:18.646Z] > git remote --verbose [2ms]
[2022-03-03T17:32:18.680Z] > git config --get commit.template [4ms]
[2022-03-03T17:32:23.711Z] > git symbolic-ref --short HEAD [2ms]
[2022-03-03T17:32:23.715Z] > git for-each-ref --format=%(refname)%00%(upstream:short)%00%(objectname)%00%(upstream:track) refs/heads/master refs/remotes/master [1ms]
[2022-03-03T17:32:23.722Z] > git for-each-ref --sort -committerdate --format %(refname) %(objectname) %(*objectname) [4ms]
[2022-03-03T17:32:23.723Z] > git remote --verbose [2ms]
[2022-03-03T17:32:23.768Z] > git config --get commit.template [2ms]
[2022-03-03T17:32:28.806Z] > git symbolic-ref --short HEAD [3ms]
[2022-03-03T17:32:28.812Z] > git for-each-ref --format=%(refname)%00%(upstream:short)%00%(objectname)%00%(upstream:track) refs/heads/master refs/remotes/master [2ms]
[2022-03-03T17:32:28.831Z] > git for-each-ref --sort -committerdate --format %(refname) %(objectname) %(*objectname) [11ms]
[2022-03-03T17:32:28.833Z] > git remote --verbose [3ms]
[2022-03-03T17:32:28.888Z] > git config --get commit.template [4ms]
[2022-03-03T17:32:33.970Z] > git symbolic-ref --short HEAD [1ms]
[2022-03-03T17:32:33.980Z] > git for-each-ref --format=%(refname)%00%(upstream:short)%00%(objectname)%00%(upstream:track) refs/heads/master refs/remotes/master [2ms]
[2022-03-03T17:32:33.989Z] > git for-each-ref --sort -committerdate --format %(refname) %(objectname) %(*objectname) [5ms]
[2022-03-03T17:32:33.991Z] > git remote --verbose [3ms]
[2022-03-03T17:32:34.032Z] > git config --get commit.template [1ms]
