[2022-02-25T09:19:23.416Z] Validating found git in: git
[2022-02-25T09:19:23.459Z] Using git 2.25.1 from git
[2022-02-25T09:19:23.551Z] > git rev-parse --git-dir [39ms]
[2022-02-25T09:19:23.561Z] Open repository: /home/azureuser/dockerfile_exercises/multi-stage-build-exercise
[2022-02-25T09:19:23.623Z] > git symbolic-ref --short HEAD [13ms]
[2022-02-25T09:19:23.633Z] > git for-each-ref --format=%(refname)%00%(upstream:short)%00%(objectname)%00%(upstream:track) refs/heads/master refs/remotes/master [7ms]
[2022-02-25T09:19:23.645Z] > git remote --verbose [5ms]
[2022-02-25T09:19:23.646Z] > git for-each-ref --sort -committerdate --format %(refname) %(objectname) %(*objectname) [10ms]
[2022-02-25T09:19:23.660Z] > git config --get commit.template [7ms]
[2022-02-25T09:21:27.133Z] > git ls-files --stage -- /home/azureuser/dockerfile_exercises/multi-stage-build-exercise/Dockerfile [6ms]
[2022-02-25T09:21:34.281Z] > git ls-files --stage -- /home/azureuser/dockerfile_exercises/multi-stage-build-exercise/pom.xml [3ms]
[2022-02-25T09:21:34.287Z] > git cat-file -s 03393cb337bc06209beeb1ac086983a3fcc93eb6 [3ms]
[2022-02-25T09:24:37.849Z] > git symbolic-ref --short HEAD [2ms]
[2022-02-25T09:24:37.853Z] > git for-each-ref --format=%(refname)%00%(upstream:short)%00%(objectname)%00%(upstream:track) refs/heads/master refs/remotes/master [1ms]
[2022-02-25T09:24:37.860Z] > git for-each-ref --sort -committerdate --format %(refname) %(objectname) %(*objectname) [4ms]
[2022-02-25T09:24:37.863Z] > git remote --verbose [3ms]
[2022-02-25T09:24:37.871Z] > git config --get commit.template [3ms]
[2022-02-25T09:27:52.552Z] > git symbolic-ref --short HEAD [2ms]
[2022-02-25T09:27:52.556Z] > git for-each-ref --format=%(refname)%00%(upstream:short)%00%(objectname)%00%(upstream:track) refs/heads/master refs/remotes/master [1ms]
[2022-02-25T09:27:52.564Z] > git for-each-ref --sort -committerdate --format %(refname) %(objectname) %(*objectname) [5ms]
[2022-02-25T09:27:52.566Z] > git remote --verbose [3ms]
[2022-02-25T09:27:52.573Z] > git config --get commit.template [2ms]
[2022-02-25T09:29:28.952Z] > git ls-files --stage -- /home/azureuser/dockerfile_exercises/multi-stage-build-exercise/Dockerfile [3ms]
[2022-02-25T09:48:26.981Z] > git symbolic-ref --short HEAD [2ms]
[2022-02-25T09:48:26.990Z] > git for-each-ref --format=%(refname)%00%(upstream:short)%00%(objectname)%00%(upstream:track) refs/heads/master refs/remotes/master [3ms]
[2022-02-25T09:48:26.997Z] > git for-each-ref --sort -committerdate --format %(refname) %(objectname) %(*objectname) [4ms]
[2022-02-25T09:48:27.003Z] > git remote --verbose [6ms]
[2022-02-25T09:48:27.010Z] > git config --get commit.template [2ms]
[2022-02-25T09:48:58.348Z] > git symbolic-ref --short HEAD [3ms]
[2022-02-25T09:48:58.352Z] > git for-each-ref --format=%(refname)%00%(upstream:short)%00%(objectname)%00%(upstream:track) refs/heads/master refs/remotes/master [2ms]
[2022-02-25T09:48:58.359Z] > git for-each-ref --sort -committerdate --format %(refname) %(objectname) %(*objectname) [4ms]
[2022-02-25T09:48:58.361Z] > git remote --verbose [3ms]
[2022-02-25T09:48:58.367Z] > git config --get commit.template [2ms]
[2022-02-25T09:49:18.564Z] > git symbolic-ref --short HEAD [2ms]
[2022-02-25T09:49:18.568Z] > git for-each-ref --format=%(refname)%00%(upstream:short)%00%(objectname)%00%(upstream:track) refs/heads/master refs/remotes/master [1ms]
[2022-02-25T09:49:18.574Z] > git for-each-ref --sort -committerdate --format %(refname) %(objectname) %(*objectname) [3ms]
[2022-02-25T09:49:18.576Z] > git remote --verbose [2ms]
[2022-02-25T09:49:18.582Z] > git config --get commit.template [2ms]
[2022-02-25T09:50:18.110Z] > git symbolic-ref --short HEAD [2ms]
[2022-02-25T09:50:18.114Z] > git for-each-ref --format=%(refname)%00%(upstream:short)%00%(objectname)%00%(upstream:track) refs/heads/master refs/remotes/master [2ms]
[2022-02-25T09:50:18.120Z] > git for-each-ref --sort -committerdate --format %(refname) %(objectname) %(*objectname) [4ms]
[2022-02-25T09:50:18.122Z] > git remote --verbose [2ms]
[2022-02-25T09:50:18.131Z] > git config --get commit.template [2ms]
[2022-02-25T10:00:26.485Z] > git ls-files --stage -- /home/azureuser/dockerfile_exercises/multi-stage-build-exercise/docker_networking_tutorial/Dockerfile [2ms]
[2022-02-25T10:01:51.654Z] > git ls-files --stage -- /home/azureuser/dockerfile_exercises/multi-stage-build-exercise/Dockerfile [3ms]
[2022-02-25T10:02:26.725Z] > git ls-files --stage -- /home/azureuser/dockerfile_exercises/multi-stage-build-exercise/docker_networking_tutorial/Dockerfile [3ms]
[2022-02-25T11:39:31.913Z] > git ls-files --stage -- /home/azureuser/dockerfile_exercises/multi-stage-build-exercise/Dockerfile [3ms]
[2022-02-25T11:44:57.744Z] > git symbolic-ref --short HEAD [2ms]
[2022-02-25T11:44:57.748Z] > git for-each-ref --format=%(refname)%00%(upstream:short)%00%(objectname)%00%(upstream:track) refs/heads/master refs/remotes/master [2ms]
[2022-02-25T11:44:57.754Z] > git for-each-ref --sort -committerdate --format %(refname) %(objectname) %(*objectname) [4ms]
[2022-02-25T11:44:57.756Z] > git remote --verbose [2ms]
[2022-02-25T11:44:57.761Z] > git config --get commit.template [1ms]
[2022-02-25T11:54:40.366Z] > git symbolic-ref --short HEAD [2ms]
[2022-02-25T11:54:40.370Z] > git for-each-ref --format=%(refname)%00%(upstream:short)%00%(objectname)%00%(upstream:track) refs/heads/master refs/remotes/master [2ms]
[2022-02-25T11:54:40.376Z] > git for-each-ref --sort -committerdate --format %(refname) %(objectname) %(*objectname) [4ms]
[2022-02-25T11:54:40.378Z] > git remote --verbose [2ms]
[2022-02-25T11:54:40.383Z] > git config --get commit.template [1ms]
[2022-02-25T11:55:26.919Z] > git symbolic-ref --short HEAD [2ms]
[2022-02-25T11:55:26.923Z] > git for-each-ref --format=%(refname)%00%(upstream:short)%00%(objectname)%00%(upstream:track) refs/heads/master refs/remotes/master [2ms]
[2022-02-25T11:55:26.929Z] > git for-each-ref --sort -committerdate --format %(refname) %(objectname) %(*objectname) [4ms]
[2022-02-25T11:55:26.931Z] > git remote --verbose [2ms]
[2022-02-25T11:55:26.936Z] > git config --get commit.template [1ms]
[2022-02-25T11:56:03.505Z] > git ls-files --stage -- /home/azureuser/dockerfile_exercises/multi-stage-build-exercise/docker_networking_tutorial/Dockerfile [3ms]
[2022-02-25T11:56:27.775Z] > git ls-files --stage -- /home/azureuser/dockerfile_exercises/multi-stage-build-exercise/Dockerfile [3ms]
[2022-02-25T11:56:45.918Z] > git ls-files --stage -- /home/azureuser/dockerfile_exercises/multi-stage-build-exercise/docker_networking_tutorial/Dockerfile [3ms]
[2022-02-25T11:56:54.088Z] > git symbolic-ref --short HEAD [3ms]
[2022-02-25T11:56:54.092Z] > git for-each-ref --format=%(refname)%00%(upstream:short)%00%(objectname)%00%(upstream:track) refs/heads/master refs/remotes/master [2ms]
[2022-02-25T11:56:54.098Z] > git for-each-ref --sort -committerdate --format %(refname) %(objectname) %(*objectname) [4ms]
[2022-02-25T11:56:54.099Z] > git remote --verbose [2ms]
[2022-02-25T11:56:54.105Z] > git config --get commit.template [2ms]
[2022-02-25T11:57:53.949Z] > git ls-files --stage -- /home/azureuser/dockerfile_exercises/multi-stage-build-exercise/pom.xml [3ms]
[2022-02-25T11:57:53.954Z] > git cat-file -s 03393cb337bc06209beeb1ac086983a3fcc93eb6 [3ms]
[2022-02-25T12:00:26.068Z] > git ls-files --stage -- /home/azureuser/dockerfile_exercises/multi-stage-build-exercise/Dockerfile [3ms]
[2022-02-25T12:00:57.410Z] > git symbolic-ref --short HEAD [2ms]
[2022-02-25T12:00:57.414Z] > git for-each-ref --format=%(refname)%00%(upstream:short)%00%(objectname)%00%(upstream:track) refs/heads/master refs/remotes/master [2ms]
[2022-02-25T12:00:57.421Z] > git for-each-ref --sort -committerdate --format %(refname) %(objectname) %(*objectname) [5ms]
[2022-02-25T12:00:57.422Z] > git remote --verbose [2ms]
[2022-02-25T12:00:57.428Z] > git config --get commit.template [2ms]
[2022-02-25T12:01:03.928Z] > git symbolic-ref --short HEAD [2ms]
[2022-02-25T12:01:03.932Z] > git for-each-ref --format=%(refname)%00%(upstream:short)%00%(objectname)%00%(upstream:track) refs/heads/master refs/remotes/master [1ms]
[2022-02-25T12:01:03.938Z] > git for-each-ref --sort -committerdate --format %(refname) %(objectname) %(*objectname) [4ms]
[2022-02-25T12:01:03.940Z] > git remote --verbose [2ms]
[2022-02-25T12:01:03.946Z] > git config --get commit.template [1ms]
[2022-02-25T13:32:45.722Z] > git symbolic-ref --short HEAD [2ms]
[2022-02-25T13:32:45.726Z] > git for-each-ref --format=%(refname)%00%(upstream:short)%00%(objectname)%00%(upstream:track) refs/heads/master refs/remotes/master [1ms]
[2022-02-25T13:32:45.734Z] > git for-each-ref --sort -committerdate --format %(refname) %(objectname) %(*objectname) [5ms]
[2022-02-25T13:32:45.735Z] > git remote --verbose [3ms]
[2022-02-25T13:32:45.741Z] > git config --get commit.template [1ms]
