[2022-02-28T09:07:47.962Z] Validating found git in: git
[2022-02-28T09:07:48.076Z] Using git 2.25.1 from git
[2022-02-28T09:07:48.133Z] > git rev-parse --git-dir [2ms]
[2022-02-28T09:07:48.140Z] Open repository: /home/azureuser/dockerfile_exercises/trio-task
[2022-02-28T09:07:48.162Z] > git rev-parse --git-dir [2ms]
[2022-02-28T09:07:48.165Z] Open repository: /home/azureuser/dockerfile_exercises/duo-task
[2022-02-28T09:07:48.188Z] > git symbolic-ref --short HEAD [10ms]
[2022-02-28T09:07:48.197Z] > git rev-parse --git-dir [10ms]
[2022-02-28T09:07:48.199Z] Open repository: /home/azureuser/dockerfile_exercises/multi-stage-build-exercise
[2022-02-28T09:07:48.208Z] > git symbolic-ref --short HEAD [12ms]
[2022-02-28T09:07:48.213Z] > git for-each-ref --format=%(refname)%00%(upstream:short)%00%(objectname)%00%(upstream:track) refs/heads/master refs/remotes/master [21ms]
[2022-02-28T09:07:48.228Z] > git for-each-ref --sort -committerdate --format %(refname) %(objectname) %(*objectname) [11ms]
[2022-02-28T09:07:48.228Z] > git for-each-ref --format=%(refname)%00%(upstream:short)%00%(objectname)%00%(upstream:track) refs/heads/master refs/remotes/master [16ms]
[2022-02-28T09:07:48.239Z] > git for-each-ref --sort -committerdate --format %(refname) %(objectname) %(*objectname) [7ms]
[2022-02-28T09:07:48.239Z] > git symbolic-ref --short HEAD [12ms]
[2022-02-28T09:07:48.243Z] > git remote --verbose [22ms]
[2022-02-28T09:07:48.251Z] > git for-each-ref --format=%(refname)%00%(upstream:short)%00%(objectname)%00%(upstream:track) refs/heads/master refs/remotes/master [9ms]
[2022-02-28T09:07:48.258Z] > git remote --verbose [23ms]
[2022-02-28T09:07:48.269Z] > git config --get commit.template [18ms]
[2022-02-28T09:07:48.275Z] > git config --get commit.template [10ms]
[2022-02-28T09:07:48.276Z] > git remote --verbose [18ms]
[2022-02-28T09:07:48.276Z] > git for-each-ref --sort -committerdate --format %(refname) %(objectname) %(*objectname) [21ms]
[2022-02-28T09:07:48.283Z] > git config --get commit.template [3ms]
[2022-02-28T09:07:49.274Z] > git ls-files --stage -- /home/azureuser/dockerfile_exercises/trio-task/deploy.sh [17ms]
[2022-02-28T09:18:34.915Z] > git ls-files --stage -- /home/azureuser/dockerfile_exercises/trio-task/db/Dockerfile [5ms]
[2022-02-28T09:18:34.928Z] > git cat-file -s 0fdb7d97c8582092a9a03652e6dc969fcc24e18f [7ms]
[2022-02-28T09:19:49.797Z] > git ls-files --stage -- /home/azureuser/dockerfile_exercises/trio-task/flask-app/Dockerfile [4ms]
[2022-02-28T09:19:49.803Z] > git cat-file -s fc7807409fa464a82ede94667433c0669d323083 [3ms]
[2022-02-28T09:20:27.560Z] > git symbolic-ref --short HEAD [3ms]
[2022-02-28T09:20:27.564Z] > git for-each-ref --format=%(refname)%00%(upstream:short)%00%(objectname)%00%(upstream:track) refs/heads/master refs/remotes/master [2ms]
[2022-02-28T09:20:27.572Z] > git for-each-ref --sort -committerdate --format %(refname) %(objectname) %(*objectname) [6ms]
[2022-02-28T09:20:27.573Z] > git remote --verbose [3ms]
[2022-02-28T09:20:27.580Z] > git config --get commit.template [2ms]
[2022-02-28T09:20:54.142Z] > git ls-files --stage -- /home/azureuser/dockerfile_exercises/trio-task/flask-app/app.py [3ms]
[2022-02-28T09:20:54.147Z] > git cat-file -s 72054453c5b75ffb9670ca4b4701fcae3028b48c [2ms]
[2022-02-28T09:22:20.900Z] > git ls-files --stage -- /home/azureuser/dockerfile_exercises/trio-task/db/Dockerfile [4ms]
[2022-02-28T09:22:20.904Z] > git cat-file -s 0fdb7d97c8582092a9a03652e6dc969fcc24e18f [1ms]
[2022-02-28T09:27:58.944Z] > git ls-files --stage -- /home/azureuser/dockerfile_exercises/trio-task/db/CreateTable.sql [11ms]
[2022-02-28T09:27:58.958Z] > git cat-file -s 31c46c4e8a19887b9ec685e350b03a4ac938c52e [5ms]
[2022-02-28T09:28:02.330Z] > git ls-files --stage -- /home/azureuser/dockerfile_exercises/trio-task/db/Dockerfile [2ms]
[2022-02-28T09:28:02.334Z] > git cat-file -s 0fdb7d97c8582092a9a03652e6dc969fcc24e18f [1ms]
[2022-02-28T09:28:22.774Z] > git ls-files --stage -- /home/azureuser/dockerfile_exercises/trio-task/flask-app/app.py [4ms]
[2022-02-28T09:28:22.779Z] > git cat-file -s 72054453c5b75ffb9670ca4b4701fcae3028b48c [2ms]
[2022-02-28T09:29:13.796Z] > git ls-files --stage -- /home/azureuser/dockerfile_exercises/trio-task/flask-app/requirements.txt [4ms]
[2022-02-28T09:29:13.800Z] > git cat-file -s 5c69b2f58dadc0e9ed79047645688e9e540e0cdc [2ms]
[2022-02-28T09:30:48.708Z] > git ls-files --stage -- /home/azureuser/dockerfile_exercises/trio-task/db/Dockerfile [3ms]
[2022-02-28T09:30:48.712Z] > git cat-file -s 0fdb7d97c8582092a9a03652e6dc969fcc24e18f [2ms]
[2022-02-28T09:32:29.995Z] > git ls-files --stage -- /home/azureuser/dockerfile_exercises/trio-task/deploy.sh [3ms]
[2022-02-28T09:42:28.890Z] > git symbolic-ref --short HEAD [1ms]
[2022-02-28T09:42:28.900Z] > git for-each-ref --format=%(refname)%00%(upstream:short)%00%(objectname)%00%(upstream:track) refs/heads/master refs/remotes/master [7ms]
[2022-02-28T09:42:28.906Z] > git for-each-ref --sort -committerdate --format %(refname) %(objectname) %(*objectname) [4ms]
[2022-02-28T09:42:28.908Z] > git remote --verbose [2ms]
[2022-02-28T09:42:28.914Z] > git config --get commit.template [2ms]
[2022-02-28T09:44:39.744Z] > git ls-files --stage -- /home/azureuser/dockerfile_exercises/trio-task/nginx/nginx.conf [10ms]
[2022-02-28T09:44:39.757Z] > git cat-file -s 326e3d5fe258e623b9014ecb0f070cde2509059f [5ms]
[2022-02-28T09:45:37.026Z] > git ls-files --stage -- /home/azureuser/dockerfile_exercises/duo-task/nginx.conf [3ms]
[2022-02-28T09:45:37.031Z] > git cat-file -s 7211f007680a6b2918d94a3b6f6831455c20ed10 [2ms]
[2022-02-28T09:45:47.005Z] > git ls-files --stage -- /home/azureuser/dockerfile_exercises/duo-task/Dockerfile [4ms]
[2022-02-28T09:45:47.010Z] > git cat-file -s 59183c098286c1abf3bb57bd9f2f454426647482 [2ms]
[2022-02-28T09:46:07.214Z] > git ls-files --stage -- /home/azureuser/dockerfile_exercises/duo-task/requirements.txt [10ms]
[2022-02-28T09:46:07.219Z] > git cat-file -s 7deaf3b366b1d168e3d9b5f5b4a00b5e618e14f5 [2ms]
[2022-02-28T09:46:23.212Z] > git ls-files --stage -- /home/azureuser/dockerfile_exercises/multi-stage-build-exercise/Dockerfile [3ms]
[2022-02-28T09:48:51.611Z] > git ls-files --stage -- /home/azureuser/dockerfile_exercises/trio-task/flask-app/Dockerfile [4ms]
[2022-02-28T09:48:51.615Z] > git cat-file -s fc7807409fa464a82ede94667433c0669d323083 [2ms]
[2022-02-28T09:50:18.983Z] > git symbolic-ref --short HEAD [2ms]
[2022-02-28T09:50:18.987Z] > git for-each-ref --format=%(refname)%00%(upstream:short)%00%(objectname)%00%(upstream:track) refs/heads/master refs/remotes/master [1ms]
[2022-02-28T09:50:18.994Z] > git for-each-ref --sort -committerdate --format %(refname) %(objectname) %(*objectname) [4ms]
[2022-02-28T09:50:18.995Z] > git remote --verbose [2ms]
[2022-02-28T09:50:19.001Z] > git config --get commit.template [2ms]
[2022-02-28T09:50:22.836Z] > git ls-files --stage -- /home/azureuser/dockerfile_exercises/trio-task/flask-app/requirements.txt [4ms]
[2022-02-28T09:50:22.840Z] > git cat-file -s 5c69b2f58dadc0e9ed79047645688e9e540e0cdc [2ms]
[2022-02-28T09:50:27.660Z] > git symbolic-ref --short HEAD [2ms]
[2022-02-28T09:50:27.664Z] > git for-each-ref --format=%(refname)%00%(upstream:short)%00%(objectname)%00%(upstream:track) refs/heads/master refs/remotes/master [2ms]
[2022-02-28T09:50:27.670Z] > git for-each-ref --sort -committerdate --format %(refname) %(objectname) %(*objectname) [4ms]
[2022-02-28T09:50:27.672Z] > git remote --verbose [2ms]
[2022-02-28T09:50:27.678Z] > git config --get commit.template [1ms]
[2022-02-28T09:50:30.640Z] > git ls-files --stage -- /home/azureuser/dockerfile_exercises/trio-task/flask-app/Dockerfile [2ms]
[2022-02-28T09:50:30.644Z] > git cat-file -s fc7807409fa464a82ede94667433c0669d323083 [1ms]
[2022-02-28T09:50:37.223Z] > git ls-files --stage -- /home/azureuser/dockerfile_exercises/trio-task/flask-app/app.py [3ms]
[2022-02-28T09:50:37.228Z] > git cat-file -s 72054453c5b75ffb9670ca4b4701fcae3028b48c [2ms]
[2022-02-28T09:51:34.950Z] > git ls-files --stage -- /home/azureuser/dockerfile_exercises/trio-task/deploy.sh [4ms]
[2022-02-28T09:52:06.271Z] > git symbolic-ref --short HEAD [2ms]
[2022-02-28T09:52:06.275Z] > git for-each-ref --format=%(refname)%00%(upstream:short)%00%(objectname)%00%(upstream:track) refs/heads/master refs/remotes/master [2ms]
[2022-02-28T09:52:06.281Z] > git for-each-ref --sort -committerdate --format %(refname) %(objectname) %(*objectname) [4ms]
[2022-02-28T09:52:06.283Z] > git remote --verbose [2ms]
[2022-02-28T09:52:06.291Z] > git config --get commit.template [1ms]
[2022-02-28T09:53:00.501Z] > git symbolic-ref --short HEAD [2ms]
[2022-02-28T09:53:00.505Z] > git for-each-ref --format=%(refname)%00%(upstream:short)%00%(objectname)%00%(upstream:track) refs/heads/master refs/remotes/master [2ms]
[2022-02-28T09:53:00.512Z] > git for-each-ref --sort -committerdate --format %(refname) %(objectname) %(*objectname) [4ms]
[2022-02-28T09:53:00.513Z] > git remote --verbose [2ms]
[2022-02-28T09:53:00.520Z] > git config --get commit.template [2ms]
[2022-02-28T09:57:49.499Z] > git ls-files --stage -- /home/azureuser/dockerfile_exercises/trio-task/flask-app/app.py [4ms]
[2022-02-28T09:57:49.504Z] > git cat-file -s 72054453c5b75ffb9670ca4b4701fcae3028b48c [2ms]
[2022-02-28T09:59:18.646Z] > git ls-files --stage -- /home/azureuser/dockerfile_exercises/trio-task/db/Dockerfile [5ms]
[2022-02-28T09:59:18.651Z] > git cat-file -s 0fdb7d97c8582092a9a03652e6dc969fcc24e18f [2ms]
[2022-02-28T10:00:03.022Z] > git ls-files --stage -- /home/azureuser/dockerfile_exercises/trio-task/deploy.sh [4ms]
[2022-02-28T10:00:21.270Z] > git ls-files --stage -- /home/azureuser/dockerfile_exercises/trio-task/db/Dockerfile [4ms]
[2022-02-28T10:00:21.274Z] > git cat-file -s 0fdb7d97c8582092a9a03652e6dc969fcc24e18f [1ms]
[2022-02-28T10:00:26.187Z] > git symbolic-ref --short HEAD [2ms]
[2022-02-28T10:00:26.191Z] > git for-each-ref --format=%(refname)%00%(upstream:short)%00%(objectname)%00%(upstream:track) refs/heads/master refs/remotes/master [2ms]
[2022-02-28T10:00:26.202Z] > git for-each-ref --sort -committerdate --format %(refname) %(objectname) %(*objectname) [9ms]
[2022-02-28T10:00:26.204Z] > git remote --verbose [2ms]
[2022-02-28T10:00:26.210Z] > git config --get commit.template [2ms]
[2022-02-28T10:01:13.142Z] > git ls-files --stage -- /home/azureuser/dockerfile_exercises/trio-task/db/CreateTable.sql [3ms]
[2022-02-28T10:01:13.146Z] > git cat-file -s 31c46c4e8a19887b9ec685e350b03a4ac938c52e [1ms]
[2022-02-28T10:01:18.645Z] > git ls-files --stage -- /home/azureuser/dockerfile_exercises/trio-task/db/Dockerfile [2ms]
[2022-02-28T10:01:18.649Z] > git cat-file -s 0fdb7d97c8582092a9a03652e6dc969fcc24e18f [1ms]
[2022-02-28T10:01:26.677Z] > git ls-files --stage -- /home/azureuser/dockerfile_exercises/trio-task/flask-app/app.py [4ms]
[2022-02-28T10:01:26.681Z] > git cat-file -s 72054453c5b75ffb9670ca4b4701fcae3028b48c [2ms]
[2022-02-28T10:01:38.161Z] > git ls-files --stage -- /home/azureuser/dockerfile_exercises/trio-task/flask-app/Dockerfile [3ms]
[2022-02-28T10:01:38.165Z] > git cat-file -s fc7807409fa464a82ede94667433c0669d323083 [2ms]
[2022-02-28T10:01:42.012Z] > git ls-files --stage -- /home/azureuser/dockerfile_exercises/trio-task/flask-app/requirements.txt [2ms]
[2022-02-28T10:01:42.017Z] > git cat-file -s 5c69b2f58dadc0e9ed79047645688e9e540e0cdc [1ms]
[2022-02-28T10:01:49.156Z] > git ls-files --stage -- /home/azureuser/dockerfile_exercises/trio-task/nginx/nginx.conf [4ms]
[2022-02-28T10:01:49.161Z] > git cat-file -s 326e3d5fe258e623b9014ecb0f070cde2509059f [3ms]
[2022-02-28T10:01:55.751Z] > git ls-files --stage -- /home/azureuser/dockerfile_exercises/trio-task/README.md [124ms]
[2022-02-28T10:01:55.757Z] > git cat-file -s f15f0f8729c967b525a9e2a9bd5a5dc1b3e13375 [3ms]
[2022-02-28T10:02:02.486Z] > git ls-files --stage -- /home/azureuser/dockerfile_exercises/trio-task/deploy.sh [3ms]
[2022-02-28T10:04:15.909Z] > git ls-files --stage -- /home/azureuser/dockerfile_exercises/trio-task/db/Dockerfile [2ms]
[2022-02-28T10:04:15.914Z] > git cat-file -s 0fdb7d97c8582092a9a03652e6dc969fcc24e18f [1ms]
[2022-02-28T10:04:25.004Z] > git ls-files --stage -- /home/azureuser/dockerfile_exercises/trio-task/flask-app/Dockerfile [3ms]
[2022-02-28T10:04:25.008Z] > git cat-file -s fc7807409fa464a82ede94667433c0669d323083 [2ms]
[2022-02-28T10:04:44.653Z] > git ls-files --stage -- /home/azureuser/dockerfile_exercises/trio-task/deploy.sh [2ms]
[2022-02-28T10:04:49.778Z] > git ls-files --stage -- /home/azureuser/dockerfile_exercises/trio-task/flask-app/Dockerfile [6ms]
[2022-02-28T10:04:49.783Z] > git cat-file -s fc7807409fa464a82ede94667433c0669d323083 [2ms]
[2022-02-28T10:04:57.498Z] > git symbolic-ref --short HEAD [2ms]
[2022-02-28T10:04:57.502Z] > git for-each-ref --format=%(refname)%00%(upstream:short)%00%(objectname)%00%(upstream:track) refs/heads/master refs/remotes/master [1ms]
[2022-02-28T10:04:57.509Z] > git for-each-ref --sort -committerdate --format %(refname) %(objectname) %(*objectname) [4ms]
[2022-02-28T10:04:57.511Z] > git remote --verbose [2ms]
[2022-02-28T10:04:57.520Z] > git config --get commit.template [4ms]
[2022-02-28T10:05:38.697Z] > git ls-files --stage -- /home/azureuser/dockerfile_exercises/trio-task/deploy.sh [5ms]
[2022-02-28T10:06:26.694Z] > git symbolic-ref --short HEAD [2ms]
[2022-02-28T10:06:26.699Z] > git for-each-ref --format=%(refname)%00%(upstream:short)%00%(objectname)%00%(upstream:track) refs/heads/master refs/remotes/master [2ms]
[2022-02-28T10:06:26.707Z] > git for-each-ref --sort -committerdate --format %(refname) %(objectname) %(*objectname) [5ms]
[2022-02-28T10:06:26.709Z] > git remote --verbose [3ms]
[2022-02-28T10:06:26.716Z] > git config --get commit.template [2ms]
[2022-02-28T10:09:15.441Z] > git ls-files --stage -- /home/azureuser/dockerfile_exercises/trio-task/flask-app/Dockerfile [8ms]
[2022-02-28T10:09:15.448Z] > git cat-file -s fc7807409fa464a82ede94667433c0669d323083 [3ms]
[2022-02-28T10:09:43.390Z] > git ls-files --stage -- /home/azureuser/dockerfile_exercises/trio-task/deploy.sh [5ms]
[2022-02-28T10:21:12.871Z] > git symbolic-ref --short HEAD [2ms]
[2022-02-28T10:21:12.876Z] > git for-each-ref --format=%(refname)%00%(upstream:short)%00%(objectname)%00%(upstream:track) refs/heads/master refs/remotes/master [2ms]
[2022-02-28T10:21:12.884Z] > git for-each-ref --sort -committerdate --format %(refname) %(objectname) %(*objectname) [5ms]
[2022-02-28T10:21:12.890Z] > git remote --verbose [7ms]
[2022-02-28T10:21:12.897Z] > git config --get commit.template [2ms]
[2022-02-28T10:23:58.552Z] > git ls-files --stage -- /home/azureuser/dockerfile_exercises/multi-stage-build-exercise/Dockerfile [3ms]
[2022-02-28T10:24:30.421Z] > git rev-parse --git-dir [2ms]
[2022-02-28T10:24:30.423Z] Open repository: /home/azureuser/dockerfile_exercises/to-do-example
[2022-02-28T10:24:30.441Z] > git symbolic-ref --short HEAD [4ms]
[2022-02-28T10:24:30.451Z] > git for-each-ref --format=%(refname)%00%(upstream:short)%00%(objectname)%00%(upstream:track) refs/heads/main refs/remotes/main [4ms]
[2022-02-28T10:24:30.461Z] > git for-each-ref --sort -committerdate --format %(refname) %(objectname) %(*objectname) [6ms]
[2022-02-28T10:24:30.471Z] > git remote --verbose [11ms]
[2022-02-28T10:24:30.490Z] > git config --get commit.template [3ms]
[2022-02-28T10:24:51.378Z] > git ls-files --stage -- /home/azureuser/dockerfile_exercises/to-do-example/application/__init__.py [3ms]
[2022-02-28T10:24:51.382Z] > git cat-file -s 16953cb0066d92f0755f51b01eb390392e9c8d79 [1ms]
[2022-02-28T10:24:58.791Z] > git ls-files --stage -- /home/azureuser/dockerfile_exercises/to-do-example/application/forms.py [4ms]
[2022-02-28T10:24:58.795Z] > git cat-file -s c1098e898932d03a5fe9ce54eaf7a8d33f464b4c [2ms]
[2022-02-28T10:25:02.794Z] > git ls-files --stage -- /home/azureuser/dockerfile_exercises/to-do-example/application/models.py [3ms]
[2022-02-28T10:25:02.798Z] > git cat-file -s 84d14735725f317e39cc2b189ba9259bfc54e2e1 [1ms]
[2022-02-28T10:25:05.157Z] > git ls-files --stage -- /home/azureuser/dockerfile_exercises/to-do-example/application/routes.py [3ms]
[2022-02-28T10:25:05.161Z] > git cat-file -s 4ffe432814ac04cd7b15db0eee4c19c781cdc458 [2ms]
[2022-02-28T10:25:10.973Z] > git ls-files --stage -- /home/azureuser/dockerfile_exercises/to-do-example/additionalfileforpractice [3ms]
[2022-02-28T10:25:10.979Z] > git cat-file -s 873b74ffa3d2eeb63d4336330d37f4353a9eebb4 [4ms]
[2022-02-28T10:25:18.867Z] > git ls-files --stage -- /home/azureuser/dockerfile_exercises/to-do-example/app.py [4ms]
[2022-02-28T10:25:18.871Z] > git cat-file -s f2f9b6c9313c7770e5481082f64ab0bffb04a907 [2ms]
[2022-02-28T10:25:21.462Z] > git ls-files --stage -- /home/azureuser/dockerfile_exercises/to-do-example/create.py [3ms]
[2022-02-28T10:25:21.467Z] > git cat-file -s abdeda987c71d283b797fd4773238846d50d7b96 [3ms]
[2022-02-28T10:25:24.201Z] > git ls-files --stage -- /home/azureuser/dockerfile_exercises/to-do-example/deploy.sh [6ms]
[2022-02-28T10:25:24.205Z] > git cat-file -s c567756619f0e120b8eba496c501b2eabf9cb296 [2ms]
[2022-02-28T10:25:30.538Z] > git ls-files --stage -- /home/azureuser/dockerfile_exercises/to-do-example/install.sh [4ms]
[2022-02-28T10:25:30.542Z] > git cat-file -s 634695e26dd0747c166e27cfa5d3d5a584602675 [2ms]
[2022-02-28T10:25:38.186Z] > git ls-files --stage -- /home/azureuser/dockerfile_exercises/to-do-example/newfiletues [3ms]
[2022-02-28T10:25:38.191Z] > git cat-file -s 870b97954ac1741af8d0fb66793ad8244240f11b [2ms]
[2022-02-28T10:25:42.053Z] > git ls-files --stage -- /home/azureuser/dockerfile_exercises/to-do-example/README.md [3ms]
[2022-02-28T10:25:42.057Z] > git cat-file -s 91e04d68ed6ef7e19ce297634eda9d02e0d178cd [2ms]
[2022-02-28T10:25:45.281Z] > git ls-files --stage -- /home/azureuser/dockerfile_exercises/to-do-example/requirements.txt [4ms]
[2022-02-28T10:25:45.284Z] > git cat-file -s a0fe4cca9e69991b4cebac3795163eb851107439 [1ms]
[2022-02-28T10:25:51.844Z] > git ls-files --stage -- /home/azureuser/dockerfile_exercises/to-do-example/tues2 [3ms]
[2022-02-28T10:25:51.848Z] > git cat-file -s e8bc7381b5e70edcf6392e3b5582db5460eccdad [2ms]
[2022-02-28T10:25:54.703Z] > git ls-files --stage -- /home/azureuser/dockerfile_exercises/to-do-example/trying to trigger webhook [8ms]
[2022-02-28T10:25:54.708Z] > git cat-file -s e14f917eed3b8f68cced87db397a2dc66a434360 [2ms]
