[2022-03-02T09:10:32.477Z] Validating found git in: git
[2022-03-02T09:10:32.576Z] Using git 2.25.1 from git
[2022-03-02T09:10:32.640Z] > git rev-parse --git-dir [3ms]
[2022-03-02T09:10:32.646Z] Open repository: /home/azureuser/dockerfile_exercises/duo-task
[2022-03-02T09:10:32.692Z] > git symbolic-ref --short HEAD [5ms]
[2022-03-02T09:10:32.696Z] > git rev-parse --git-dir [5ms]
[2022-03-02T09:10:32.698Z] Open repository: /home/azureuser/dockerfile_exercises/multi-stage-build-exercise
[2022-03-02T09:10:32.708Z] > git for-each-ref --format=%(refname)%00%(upstream:short)%00%(objectname)%00%(upstream:track) refs/heads/master refs/remotes/master [13ms]
[2022-03-02T09:10:32.717Z] > git for-each-ref --sort -committerdate --format %(refname) %(objectname) %(*objectname) [6ms]
[2022-03-02T09:10:32.726Z] > git remote --verbose [11ms]
[2022-03-02T09:10:32.734Z] > git symbolic-ref --short HEAD [9ms]
[2022-03-02T09:10:32.741Z] > git for-each-ref --format=%(refname)%00%(upstream:short)%00%(objectname)%00%(upstream:track) refs/heads/master refs/remotes/master [4ms]
[2022-03-02T09:10:32.749Z] > git config --get commit.template [16ms]
[2022-03-02T09:10:32.762Z] > git remote --verbose [13ms]
[2022-03-02T09:10:32.762Z] > git rev-parse --git-dir [22ms]
[2022-03-02T09:10:32.764Z] Open repository: /home/azureuser/dockerfile_exercises/to-do-example
[2022-03-02T09:10:32.771Z] > git for-each-ref --sort -committerdate --format %(refname) %(objectname) %(*objectname) [27ms]
[2022-03-02T09:10:32.783Z] > git config --get commit.template [6ms]
[2022-03-02T09:10:32.795Z] > git rev-parse --git-dir [13ms]
[2022-03-02T09:10:32.799Z] Open repository: /home/azureuser/dockerfile_exercises/trio-task
[2022-03-02T09:10:32.822Z] > git symbolic-ref --short HEAD [2ms]
[2022-03-02T09:10:32.829Z] > git for-each-ref --format=%(refname)%00%(upstream:short)%00%(objectname)%00%(upstream:track) refs/heads/main refs/remotes/main [4ms]
[2022-03-02T09:10:32.839Z] > git remote --verbose [5ms]
[2022-03-02T09:10:32.840Z] > git for-each-ref --sort -committerdate --format %(refname) %(objectname) %(*objectname) [9ms]
[2022-03-02T09:10:32.845Z] > git symbolic-ref --short HEAD [6ms]
[2022-03-02T09:10:32.849Z] > git config --get commit.template [5ms]
[2022-03-02T09:10:32.851Z] > git for-each-ref --format=%(refname)%00%(upstream:short)%00%(objectname)%00%(upstream:track) refs/heads/master refs/remotes/master [3ms]
[2022-03-02T09:10:32.858Z] > git for-each-ref --sort -committerdate --format %(refname) %(objectname) %(*objectname) [5ms]
[2022-03-02T09:10:32.859Z] > git remote --verbose [3ms]
[2022-03-02T09:10:32.868Z] > git config --get commit.template [2ms]
[2022-03-02T09:10:43.326Z] > git ls-files --stage -- /home/azureuser/dockerfile_exercises/duo-task/app.py [5ms]
[2022-03-02T09:10:43.337Z] > git cat-file -s 7461eb811c5bcb54fc66fee5e86b1bd554c4dd5f [4ms]
[2022-03-02T09:12:09.921Z] > git ls-files --stage -- /home/azureuser/dockerfile_exercises/duo-task/Dockerfile [4ms]
[2022-03-02T09:12:09.925Z] > git cat-file -s 59183c098286c1abf3bb57bd9f2f454426647482 [2ms]
[2022-03-02T09:13:44.346Z] > git ls-files --stage -- /home/azureuser/dockerfile_exercises/trio-task/deploy.sh [3ms]
[2022-03-02T10:40:41.615Z] > git rev-parse --git-dir [1ms]
[2022-03-02T10:40:41.622Z] Open repository: /home/azureuser/dockerfile_exercises/docker-compose-nginx-tutorial/python-front-and-back
[2022-03-02T10:40:41.633Z] > git symbolic-ref --short HEAD [2ms]
[2022-03-02T10:40:41.637Z] > git for-each-ref --format=%(refname)%00%(upstream:short)%00%(objectname)%00%(upstream:track) refs/heads/master refs/remotes/master [1ms]
[2022-03-02T10:40:41.646Z] > git for-each-ref --sort -committerdate --format %(refname) %(objectname) %(*objectname) [6ms]
[2022-03-02T10:40:41.647Z] > git remote --verbose [2ms]
[2022-03-02T10:40:41.651Z] > git config --get commit.template [1ms]
[2022-03-02T10:40:43.077Z] > git symbolic-ref --short HEAD [2ms]
[2022-03-02T10:40:43.081Z] > git for-each-ref --format=%(refname)%00%(upstream:short)%00%(objectname)%00%(upstream:track) refs/heads/master refs/remotes/master [2ms]
[2022-03-02T10:40:43.087Z] > git for-each-ref --sort -committerdate --format %(refname) %(objectname) %(*objectname) [4ms]
[2022-03-02T10:40:43.089Z] > git remote --verbose [2ms]
[2022-03-02T10:40:43.095Z] > git config --get commit.template [1ms]
[2022-03-02T11:03:26.253Z] > git symbolic-ref --short HEAD [2ms]
[2022-03-02T11:03:26.264Z] > git for-each-ref --format=%(refname)%00%(upstream:short)%00%(objectname)%00%(upstream:track) refs/heads/master refs/remotes/master [4ms]
[2022-03-02T11:03:26.273Z] > git for-each-ref --sort -committerdate --format %(refname) %(objectname) %(*objectname) [5ms]
[2022-03-02T11:03:26.279Z] > git remote --verbose [8ms]
[2022-03-02T11:03:26.292Z] > git config --get commit.template [2ms]
[2022-03-02T11:04:13.797Z] > git symbolic-ref --short HEAD [2ms]
[2022-03-02T11:04:13.801Z] > git for-each-ref --format=%(refname)%00%(upstream:short)%00%(objectname)%00%(upstream:track) refs/heads/master refs/remotes/master [2ms]
[2022-03-02T11:04:13.808Z] > git for-each-ref --sort -committerdate --format %(refname) %(objectname) %(*objectname) [5ms]
[2022-03-02T11:04:13.809Z] > git remote --verbose [3ms]
[2022-03-02T11:04:13.818Z] > git config --get commit.template [2ms]
