[2022-02-25T14:03:52.412Z] Validating found git in: git
[2022-02-25T14:03:52.450Z] Using git 2.25.1 from git
[2022-02-25T14:03:52.519Z] > git rev-parse --git-dir [2ms]
[2022-02-25T14:03:52.528Z] Open repository: /home/azureuser/docker_networking_tutorial/duo-task
[2022-02-25T14:03:52.580Z] > git symbolic-ref --short HEAD [15ms]
[2022-02-25T14:03:52.586Z] > git for-each-ref --format=%(refname)%00%(upstream:short)%00%(objectname)%00%(upstream:track) refs/heads/master refs/remotes/master [3ms]
[2022-02-25T14:03:52.595Z] > git for-each-ref --sort -committerdate --format %(refname) %(objectname) %(*objectname) [6ms]
[2022-02-25T14:03:52.599Z] > git remote --verbose [7ms]
[2022-02-25T14:03:52.610Z] > git config --get commit.template [3ms]
[2022-02-25T14:05:19.255Z] > git ls-files --stage -- /home/azureuser/docker_networking_tutorial/duo-task/Dockerfile [20ms]
[2022-02-25T14:05:19.285Z] > git cat-file -s 59183c098286c1abf3bb57bd9f2f454426647482 [16ms]
[2022-02-25T14:11:35.435Z] > git ls-files --stage -- /home/azureuser/docker_networking_tutorial/duo-task/nginx.conf [7ms]
[2022-02-25T14:11:35.440Z] > git cat-file -s 7211f007680a6b2918d94a3b6f6831455c20ed10 [2ms]
[2022-02-25T14:21:20.146Z] > git ls-files --stage -- /home/azureuser/docker_networking_tutorial/duo-task/app.py [5ms]
[2022-02-25T14:21:20.155Z] > git cat-file -s 7461eb811c5bcb54fc66fee5e86b1bd554c4dd5f [6ms]
[2022-02-25T14:40:29.073Z] > git ls-files --stage -- /home/azureuser/docker_networking_tutorial/duo-task/nginx.conf [4ms]
[2022-02-25T14:40:29.077Z] > git cat-file -s 7211f007680a6b2918d94a3b6f6831455c20ed10 [1ms]
[2022-02-25T14:40:37.071Z] > git symbolic-ref --short HEAD [2ms]
[2022-02-25T14:40:37.076Z] > git for-each-ref --format=%(refname)%00%(upstream:short)%00%(objectname)%00%(upstream:track) refs/heads/master refs/remotes/master [3ms]
[2022-02-25T14:40:37.082Z] > git for-each-ref --sort -committerdate --format %(refname) %(objectname) %(*objectname) [4ms]
[2022-02-25T14:40:37.085Z] > git remote --verbose [3ms]
[2022-02-25T14:40:37.093Z] > git config --get commit.template [2ms]
[2022-02-25T14:41:41.670Z] > git symbolic-ref --short HEAD [2ms]
[2022-02-25T14:41:41.675Z] > git for-each-ref --format=%(refname)%00%(upstream:short)%00%(objectname)%00%(upstream:track) refs/heads/master refs/remotes/master [2ms]
[2022-02-25T14:41:41.681Z] > git for-each-ref --sort -committerdate --format %(refname) %(objectname) %(*objectname) [4ms]
[2022-02-25T14:41:41.683Z] > git remote --verbose [2ms]
[2022-02-25T14:41:41.689Z] > git config --get commit.template [2ms]
[2022-02-25T14:41:53.830Z] > git symbolic-ref --short HEAD [2ms]
[2022-02-25T14:41:53.834Z] > git for-each-ref --format=%(refname)%00%(upstream:short)%00%(objectname)%00%(upstream:track) refs/heads/master refs/remotes/master [2ms]
[2022-02-25T14:41:53.840Z] > git for-each-ref --sort -committerdate --format %(refname) %(objectname) %(*objectname) [4ms]
[2022-02-25T14:41:53.842Z] > git remote --verbose [2ms]
[2022-02-25T14:41:53.848Z] > git config --get commit.template [2ms]
[2022-02-25T14:44:11.735Z] > git ls-files --stage -- /home/azureuser/docker_networking_tutorial/duo-task/Dockerfile [3ms]
[2022-02-25T14:44:11.740Z] > git cat-file -s 59183c098286c1abf3bb57bd9f2f454426647482 [2ms]
[2022-02-25T14:44:19.841Z] > git symbolic-ref --short HEAD [2ms]
[2022-02-25T14:44:19.845Z] > git for-each-ref --format=%(refname)%00%(upstream:short)%00%(objectname)%00%(upstream:track) refs/heads/master refs/remotes/master [2ms]
[2022-02-25T14:44:19.851Z] > git for-each-ref --sort -committerdate --format %(refname) %(objectname) %(*objectname) [4ms]
[2022-02-25T14:44:19.853Z] > git remote --verbose [2ms]
[2022-02-25T14:44:19.860Z] > git config --get commit.template [3ms]
[2022-02-25T14:44:26.476Z] > git ls-files --stage -- /home/azureuser/docker_networking_tutorial/duo-task/nginx.conf [3ms]
[2022-02-25T14:44:26.480Z] > git cat-file -s 7211f007680a6b2918d94a3b6f6831455c20ed10 [2ms]
[2022-02-25T14:47:17.522Z] > git ls-files --stage -- /home/azureuser/docker_networking_tutorial/duo-task/Dockerfile [3ms]
[2022-02-25T14:47:17.526Z] > git cat-file -s 59183c098286c1abf3bb57bd9f2f454426647482 [1ms]
[2022-02-25T14:57:49.583Z] > git ls-files --stage -- /home/azureuser/docker_networking_tutorial/duo-task/nginx.conf [3ms]
[2022-02-25T14:57:49.587Z] > git cat-file -s 7211f007680a6b2918d94a3b6f6831455c20ed10 [2ms]
[2022-02-25T14:58:36.279Z] > git symbolic-ref --short HEAD [2ms]
[2022-02-25T14:58:36.284Z] > git for-each-ref --format=%(refname)%00%(upstream:short)%00%(objectname)%00%(upstream:track) refs/heads/master refs/remotes/master [2ms]
[2022-02-25T14:58:36.291Z] > git for-each-ref --sort -committerdate --format %(refname) %(objectname) %(*objectname) [5ms]
[2022-02-25T14:58:36.295Z] > git remote --verbose [5ms]
[2022-02-25T14:58:36.303Z] > git config --get commit.template [2ms]
