[2022-03-02T12:57:55.003Z] Validating found git in: git
[2022-03-02T12:57:55.043Z] Using git 2.25.1 from git
[2022-03-02T12:57:55.221Z] > git rev-parse --git-dir [2ms]
[2022-03-02T12:57:55.228Z] Open repository: /home/azureuser/trio-task
[2022-03-02T12:57:55.256Z] > git symbolic-ref --short HEAD [9ms]
[2022-03-02T12:57:55.261Z] > git for-each-ref --format=%(refname)%00%(upstream:short)%00%(objectname)%00%(upstream:track) refs/heads/master refs/remotes/master [3ms]
[2022-03-02T12:57:55.270Z] > git for-each-ref --sort -committerdate --format %(refname) %(objectname) %(*objectname) [6ms]
[2022-03-02T12:57:55.272Z] > git remote --verbose [4ms]
[2022-03-02T12:57:55.280Z] > git config --get commit.template [2ms]
[2022-03-02T12:58:33.677Z] > git ls-files --stage -- /home/azureuser/trio-task/README.md [129ms]
[2022-03-02T12:58:33.703Z] > git cat-file -s f15f0f8729c967b525a9e2a9bd5a5dc1b3e13375 [4ms]
[2022-03-02T12:58:48.042Z] > git ls-files --stage -- /home/azureuser/trio-task/nginx/nginx.conf [4ms]
[2022-03-02T12:58:48.046Z] > git cat-file -s 326e3d5fe258e623b9014ecb0f070cde2509059f [1ms]
[2022-03-02T12:58:57.378Z] > git ls-files --stage -- /home/azureuser/trio-task/flask-app/templates/home.html [9ms]
[2022-03-02T12:58:57.390Z] > git cat-file -s 5eede57110ddbf8ba006c30a746a90c4ff44ef8f [7ms]
[2022-03-02T12:59:00.344Z] > git ls-files --stage -- /home/azureuser/trio-task/flask-app/app.py [4ms]
[2022-03-02T12:59:00.348Z] > git cat-file -s 72054453c5b75ffb9670ca4b4701fcae3028b48c [1ms]
[2022-03-02T12:59:18.407Z] > git ls-files --stage -- /home/azureuser/trio-task/flask-app/Dockerfile [3ms]
[2022-03-02T12:59:18.411Z] > git cat-file -s fc7807409fa464a82ede94667433c0669d323083 [1ms]
[2022-03-02T14:02:02.608Z] > git ls-files --stage -- /home/azureuser/trio-task/flask-app/Dockerfile [3ms]
[2022-03-02T14:02:02.613Z] > git cat-file -s fc7807409fa464a82ede94667433c0669d323083 [2ms]
[2022-03-02T14:04:01.332Z] > git symbolic-ref --short HEAD [2ms]
[2022-03-02T14:04:01.337Z] > git for-each-ref --format=%(refname)%00%(upstream:short)%00%(objectname)%00%(upstream:track) refs/heads/master refs/remotes/master [2ms]
[2022-03-02T14:04:01.345Z] > git for-each-ref --sort -committerdate --format %(refname) %(objectname) %(*objectname) [5ms]
[2022-03-02T14:04:01.347Z] > git remote --verbose [3ms]
[2022-03-02T14:04:01.357Z] > git config --get commit.template [2ms]
[2022-03-02T14:04:45.519Z] > git ls-files --stage -- /home/azureuser/trio-task/trio-task-docker-compose.yaml [5ms]
[2022-03-02T14:04:45.841Z] > git symbolic-ref --short HEAD [2ms]
[2022-03-02T14:04:45.845Z] > git for-each-ref --format=%(refname)%00%(upstream:short)%00%(objectname)%00%(upstream:track) refs/heads/master refs/remotes/master [1ms]
[2022-03-02T14:04:45.853Z] > git for-each-ref --sort -committerdate --format %(refname) %(objectname) %(*objectname) [4ms]
[2022-03-02T14:04:45.854Z] > git remote --verbose [2ms]
[2022-03-02T14:04:45.862Z] > git config --get commit.template [4ms]
[2022-03-02T14:05:17.795Z] > git ls-files --stage -- /home/azureuser/trio-task/trio-task-docker-compose.yaml [3ms]
[2022-03-02T14:05:36.894Z] > git symbolic-ref --short HEAD [1ms]
[2022-03-02T14:05:36.899Z] > git for-each-ref --format=%(refname)%00%(upstream:short)%00%(objectname)%00%(upstream:track) refs/heads/master refs/remotes/master [2ms]
[2022-03-02T14:05:36.906Z] > git for-each-ref --sort -committerdate --format %(refname) %(objectname) %(*objectname) [4ms]
[2022-03-02T14:05:36.908Z] > git remote --verbose [3ms]
[2022-03-02T14:05:36.914Z] > git config --get commit.template [2ms]
[2022-03-02T14:06:15.898Z] > git ls-files --stage -- /home/azureuser/trio-task/flask-app/Dockerfile [6ms]
[2022-03-02T14:06:15.902Z] > git cat-file -s fc7807409fa464a82ede94667433c0669d323083 [1ms]
[2022-03-02T14:08:35.706Z] > git ls-files --stage -- /home/azureuser/trio-task/flask-app/Dockerfile [3ms]
[2022-03-02T14:08:35.710Z] > git cat-file -s fc7807409fa464a82ede94667433c0669d323083 [1ms]
[2022-03-02T14:08:38.163Z] > git ls-files --stage -- /home/azureuser/trio-task/flask-app/app.py [2ms]
[2022-03-02T14:08:38.168Z] > git cat-file -s 72054453c5b75ffb9670ca4b4701fcae3028b48c [2ms]
[2022-03-02T14:08:49.694Z] > git ls-files --stage -- /home/azureuser/trio-task/db/Dockerfile [2ms]
[2022-03-02T14:08:49.699Z] > git cat-file -s 0fdb7d97c8582092a9a03652e6dc969fcc24e18f [2ms]
[2022-03-02T14:09:42.977Z] > git ls-files --stage -- /home/azureuser/trio-task/flask-app/app.py [3ms]
[2022-03-02T14:09:42.981Z] > git cat-file -s 72054453c5b75ffb9670ca4b4701fcae3028b48c [1ms]
[2022-03-02T14:10:30.197Z] > git rev-parse --git-dir [2ms]
[2022-03-02T14:10:30.201Z] Open repository: /home/azureuser/docker-compose-tutorial/duo-task
[2022-03-02T14:10:30.219Z] > git symbolic-ref --short HEAD [2ms]
[2022-03-02T14:10:30.224Z] > git for-each-ref --format=%(refname)%00%(upstream:short)%00%(objectname)%00%(upstream:track) refs/heads/master refs/remotes/master [2ms]
[2022-03-02T14:10:30.233Z] > git for-each-ref --sort -committerdate --format %(refname) %(objectname) %(*objectname) [7ms]
[2022-03-02T14:10:30.234Z] > git remote --verbose [4ms]
[2022-03-02T14:10:30.240Z] > git config --get commit.template [2ms]
[2022-03-02T14:10:30.563Z] > git ls-files --stage -- /home/azureuser/docker-compose-tutorial/duo-task/Dockerfile [3ms]
[2022-03-02T14:10:30.567Z] > git cat-file -s 59183c098286c1abf3bb57bd9f2f454426647482 [1ms]
[2022-03-02T14:15:13.081Z] > git ls-files --stage -- /home/azureuser/docker-compose-tutorial/duo-task/duo _task-docker-compose.yaml [3ms]
[2022-03-02T14:17:25.743Z] > git ls-files --stage -- /home/azureuser/docker-compose-tutorial/duo-task/Dockerfile [3ms]
[2022-03-02T14:17:25.747Z] > git cat-file -s 59183c098286c1abf3bb57bd9f2f454426647482 [1ms]
[2022-03-02T14:17:48.894Z] > git ls-files --stage -- /home/azureuser/docker-compose-tutorial/duo-task/duo _task-docker-compose.yaml [2ms]
[2022-03-02T14:18:34.749Z] > git ls-files --stage -- /home/azureuser/docker-compose-tutorial/duo-task/Dockerfile [3ms]
[2022-03-02T14:18:34.755Z] > git cat-file -s 59183c098286c1abf3bb57bd9f2f454426647482 [3ms]
[2022-03-02T14:19:18.131Z] > git symbolic-ref --short HEAD [2ms]
[2022-03-02T14:19:18.136Z] > git for-each-ref --format=%(refname)%00%(upstream:short)%00%(objectname)%00%(upstream:track) refs/heads/master refs/remotes/master [2ms]
[2022-03-02T14:19:18.144Z] > git for-each-ref --sort -committerdate --format %(refname) %(objectname) %(*objectname) [5ms]
[2022-03-02T14:19:18.146Z] > git remote --verbose [3ms]
[2022-03-02T14:19:18.153Z] > git config --get commit.template [2ms]
[2022-03-02T14:19:32.139Z] > git ls-files --stage -- /home/azureuser/docker-compose-tutorial/duo-task/duo _task-docker-compose.yaml [5ms]
[2022-03-02T14:19:36.885Z] > git symbolic-ref --short HEAD [2ms]
[2022-03-02T14:19:36.893Z] > git for-each-ref --format=%(refname)%00%(upstream:short)%00%(objectname)%00%(upstream:track) refs/heads/master refs/remotes/master [2ms]
[2022-03-02T14:19:36.901Z] > git for-each-ref --sort -committerdate --format %(refname) %(objectname) %(*objectname) [5ms]
[2022-03-02T14:19:36.903Z] > git remote --verbose [2ms]
[2022-03-02T14:19:36.910Z] > git config --get commit.template [2ms]
[2022-03-02T14:23:13.664Z] > git ls-files --stage -- /home/azureuser/trio-task/db/Dockerfile [3ms]
[2022-03-02T14:23:13.671Z] > git cat-file -s 0fdb7d97c8582092a9a03652e6dc969fcc24e18f [1ms]
[2022-03-02T14:23:49.687Z] > git ls-files --stage -- /home/azureuser/trio-task/flask-app/Dockerfile [3ms]
[2022-03-02T14:23:49.692Z] > git cat-file -s fc7807409fa464a82ede94667433c0669d323083 [2ms]
[2022-03-02T14:23:53.411Z] > git ls-files --stage -- /home/azureuser/trio-task/db/Dockerfile [4ms]
[2022-03-02T14:23:53.416Z] > git cat-file -s 0fdb7d97c8582092a9a03652e6dc969fcc24e18f [1ms]
[2022-03-02T14:24:59.896Z] > git ls-files --stage -- /home/azureuser/trio-task/flask-app/Dockerfile [2ms]
[2022-03-02T14:24:59.901Z] > git cat-file -s fc7807409fa464a82ede94667433c0669d323083 [2ms]
[2022-03-02T14:25:13.762Z] > git ls-files --stage -- /home/azureuser/trio-task/db/Dockerfile [4ms]
[2022-03-02T14:25:13.767Z] > git cat-file -s 0fdb7d97c8582092a9a03652e6dc969fcc24e18f [2ms]
[2022-03-02T14:25:25.307Z] > git ls-files --stage -- /home/azureuser/trio-task/flask-app/Dockerfile [3ms]
[2022-03-02T14:25:25.311Z] > git cat-file -s fc7807409fa464a82ede94667433c0669d323083 [2ms]
[2022-03-02T14:26:10.837Z] > git ls-files --stage -- /home/azureuser/trio-task/db/Dockerfile [3ms]
[2022-03-02T14:26:10.842Z] > git cat-file -s 0fdb7d97c8582092a9a03652e6dc969fcc24e18f [2ms]
[2022-03-02T14:28:05.393Z] > git symbolic-ref --short HEAD [1ms]
[2022-03-02T14:28:05.398Z] > git for-each-ref --format=%(refname)%00%(upstream:short)%00%(objectname)%00%(upstream:track) refs/heads/master refs/remotes/master [2ms]
[2022-03-02T14:28:05.405Z] > git for-each-ref --sort -committerdate --format %(refname) %(objectname) %(*objectname) [4ms]
[2022-03-02T14:28:05.407Z] > git remote --verbose [3ms]
[2022-03-02T14:28:05.413Z] > git config --get commit.template [2ms]
[2022-03-02T14:28:33.652Z] > git ls-files --stage -- /home/azureuser/trio-task/docker-compose.yaml [3ms]
[2022-03-02T14:28:34.286Z] > git symbolic-ref --short HEAD [2ms]
[2022-03-02T14:28:34.290Z] > git for-each-ref --format=%(refname)%00%(upstream:short)%00%(objectname)%00%(upstream:track) refs/heads/master refs/remotes/master [1ms]
[2022-03-02T14:28:34.298Z] > git for-each-ref --sort -committerdate --format %(refname) %(objectname) %(*objectname) [5ms]
[2022-03-02T14:28:34.300Z] > git remote --verbose [3ms]
[2022-03-02T14:28:34.306Z] > git config --get commit.template [1ms]
[2022-03-02T14:30:52.702Z] > git ls-files --stage -- /home/azureuser/trio-task/flask-app/app.py [3ms]
[2022-03-02T14:30:52.707Z] > git cat-file -s 72054453c5b75ffb9670ca4b4701fcae3028b48c [2ms]
[2022-03-02T14:31:22.774Z] > git ls-files --stage -- /home/azureuser/trio-task/docker-compose.yaml [4ms]
[2022-03-02T15:10:01.794Z] > git symbolic-ref --short HEAD [1ms]
[2022-03-02T15:10:01.799Z] > git for-each-ref --format=%(refname)%00%(upstream:short)%00%(objectname)%00%(upstream:track) refs/heads/master refs/remotes/master [2ms]
[2022-03-02T15:10:01.806Z] > git for-each-ref --sort -committerdate --format %(refname) %(objectname) %(*objectname) [4ms]
[2022-03-02T15:10:01.808Z] > git remote --verbose [2ms]
[2022-03-02T15:10:01.816Z] > git config --get commit.template [3ms]
[2022-03-02T15:10:21.921Z] > git ls-files --stage -- /home/azureuser/trio-task/flask-app/Dockerfile [3ms]
[2022-03-02T15:10:21.925Z] > git cat-file -s fc7807409fa464a82ede94667433c0669d323083 [2ms]
[2022-03-02T15:10:27.515Z] > git symbolic-ref --short HEAD [1ms]
[2022-03-02T15:10:27.520Z] > git for-each-ref --format=%(refname)%00%(upstream:short)%00%(objectname)%00%(upstream:track) refs/heads/master refs/remotes/master [2ms]
[2022-03-02T15:10:27.527Z] > git for-each-ref --sort -committerdate --format %(refname) %(objectname) %(*objectname) [4ms]
[2022-03-02T15:10:27.529Z] > git remote --verbose [2ms]
[2022-03-02T15:10:27.535Z] > git config --get commit.template [1ms]
[2022-03-02T15:18:36.401Z] > git symbolic-ref --short HEAD [2ms]
[2022-03-02T15:18:36.406Z] > git for-each-ref --format=%(refname)%00%(upstream:short)%00%(objectname)%00%(upstream:track) refs/heads/master refs/remotes/master [2ms]
[2022-03-02T15:18:36.413Z] > git for-each-ref --sort -committerdate --format %(refname) %(objectname) %(*objectname) [5ms]
[2022-03-02T15:18:36.414Z] > git remote --verbose [2ms]
[2022-03-02T15:18:36.420Z] > git config --get commit.template [1ms]
[2022-03-02T15:19:24.172Z] > git ls-files --stage -- /home/azureuser/docker-compose-tutorial/duo-task/Dockerfile [4ms]
[2022-03-02T15:19:24.176Z] > git cat-file -s 59183c098286c1abf3bb57bd9f2f454426647482 [2ms]
[2022-03-02T15:20:23.475Z] > git ls-files --stage -- /home/azureuser/trio-task/db/Dockerfile [2ms]
[2022-03-02T15:20:23.480Z] > git cat-file -s 0fdb7d97c8582092a9a03652e6dc969fcc24e18f [2ms]
[2022-03-02T15:20:54.052Z] > git ls-files --stage -- /home/azureuser/docker-compose-tutorial/duo-task/Dockerfile [3ms]
[2022-03-02T15:20:54.056Z] > git cat-file -s 59183c098286c1abf3bb57bd9f2f454426647482 [1ms]
[2022-03-02T15:21:31.746Z] > git ls-files --stage -- /home/azureuser/trio-task/db/Dockerfile [3ms]
[2022-03-02T15:21:31.751Z] > git cat-file -s 0fdb7d97c8582092a9a03652e6dc969fcc24e18f [2ms]
[2022-03-02T15:24:55.638Z] > git symbolic-ref --short HEAD [3ms]
[2022-03-02T15:24:55.642Z] > git for-each-ref --format=%(refname)%00%(upstream:short)%00%(objectname)%00%(upstream:track) refs/heads/master refs/remotes/master [1ms]
[2022-03-02T15:24:55.650Z] > git for-each-ref --sort -committerdate --format %(refname) %(objectname) %(*objectname) [5ms]
[2022-03-02T15:24:55.651Z] > git remote --verbose [2ms]
[2022-03-02T15:24:55.657Z] > git config --get commit.template [1ms]
[2022-03-02T15:26:38.022Z] > git ls-files --stage -- /home/azureuser/trio-task/flask-app/Dockerfile [3ms]
[2022-03-02T15:26:38.026Z] > git cat-file -s fc7807409fa464a82ede94667433c0669d323083 [1ms]
[2022-03-02T15:27:59.726Z] > git ls-files --stage -- /home/azureuser/trio-task/db/Dockerfile [3ms]
[2022-03-02T15:27:59.731Z] > git cat-file -s 0fdb7d97c8582092a9a03652e6dc969fcc24e18f [2ms]
[2022-03-02T15:30:54.927Z] > git symbolic-ref --short HEAD [2ms]
[2022-03-02T15:30:54.931Z] > git for-each-ref --format=%(refname)%00%(upstream:short)%00%(objectname)%00%(upstream:track) refs/heads/master refs/remotes/master [1ms]
[2022-03-02T15:30:54.939Z] > git for-each-ref --sort -committerdate --format %(refname) %(objectname) %(*objectname) [5ms]
[2022-03-02T15:30:54.940Z] > git remote --verbose [2ms]
[2022-03-02T15:30:54.946Z] > git config --get commit.template [2ms]
[2022-03-02T15:30:59.221Z] > git ls-files --stage -- /home/azureuser/trio-task/flask-app/Dockerfile [3ms]
[2022-03-02T15:30:59.225Z] > git cat-file -s fc7807409fa464a82ede94667433c0669d323083 [2ms]
[2022-03-02T15:31:34.919Z] > git ls-files --stage -- /home/azureuser/trio-task/docker-compose.yaml [3ms]
[2022-03-02T15:35:59.318Z] > git ls-files --stage -- /home/azureuser/trio-task/flask-app/app.py [4ms]
[2022-03-02T15:35:59.322Z] > git cat-file -s 72054453c5b75ffb9670ca4b4701fcae3028b48c [1ms]
[2022-03-02T15:37:15.001Z] > git symbolic-ref --short HEAD [2ms]
[2022-03-02T15:37:15.006Z] > git for-each-ref --format=%(refname)%00%(upstream:short)%00%(objectname)%00%(upstream:track) refs/heads/master refs/remotes/master [2ms]
[2022-03-02T15:37:15.013Z] > git for-each-ref --sort -committerdate --format %(refname) %(objectname) %(*objectname) [5ms]
[2022-03-02T15:37:15.014Z] > git remote --verbose [2ms]
[2022-03-02T15:37:15.021Z] > git config --get commit.template [2ms]
[2022-03-02T15:37:17.230Z] > git ls-files --stage -- /home/azureuser/trio-task/docker-compose.yaml [3ms]
[2022-03-02T15:47:38.046Z] > git symbolic-ref --short HEAD [2ms]
[2022-03-02T15:47:38.051Z] > git for-each-ref --format=%(refname)%00%(upstream:short)%00%(objectname)%00%(upstream:track) refs/heads/master refs/remotes/master [2ms]
[2022-03-02T15:47:38.058Z] > git for-each-ref --sort -committerdate --format %(refname) %(objectname) %(*objectname) [5ms]
[2022-03-02T15:47:38.060Z] > git remote --verbose [2ms]
[2022-03-02T15:47:38.067Z] > git config --get commit.template [3ms]
[2022-03-02T15:55:33.330Z] > git symbolic-ref --short HEAD [2ms]
[2022-03-02T15:55:33.334Z] > git for-each-ref --format=%(refname)%00%(upstream:short)%00%(objectname)%00%(upstream:track) refs/heads/master refs/remotes/master [1ms]
[2022-03-02T15:55:33.342Z] > git for-each-ref --sort -committerdate --format %(refname) %(objectname) %(*objectname) [5ms]
[2022-03-02T15:55:33.343Z] > git remote --verbose [2ms]
[2022-03-02T15:55:33.350Z] > git config --get commit.template [2ms]
[2022-03-02T15:58:02.182Z] > git symbolic-ref --short HEAD [2ms]
[2022-03-02T15:58:02.187Z] > git for-each-ref --format=%(refname)%00%(upstream:short)%00%(objectname)%00%(upstream:track) refs/heads/master refs/remotes/master [2ms]
[2022-03-02T15:58:02.194Z] > git for-each-ref --sort -committerdate --format %(refname) %(objectname) %(*objectname) [5ms]
[2022-03-02T15:58:02.198Z] > git remote --verbose [5ms]
[2022-03-02T15:58:02.204Z] > git config --get commit.template [2ms]
[2022-03-02T16:03:06.661Z] > git symbolic-ref --short HEAD [2ms]
[2022-03-02T16:03:06.666Z] > git for-each-ref --format=%(refname)%00%(upstream:short)%00%(objectname)%00%(upstream:track) refs/heads/master refs/remotes/master [2ms]
[2022-03-02T16:03:06.673Z] > git for-each-ref --sort -committerdate --format %(refname) %(objectname) %(*objectname) [4ms]
[2022-03-02T16:03:06.675Z] > git remote --verbose [3ms]
[2022-03-02T16:03:06.682Z] > git config --get commit.template [1ms]
[2022-03-02T16:15:45.604Z] > git symbolic-ref --short HEAD [2ms]
[2022-03-02T16:15:45.609Z] > git for-each-ref --format=%(refname)%00%(upstream:short)%00%(objectname)%00%(upstream:track) refs/heads/master refs/remotes/master [2ms]
[2022-03-02T16:15:45.617Z] > git for-each-ref --sort -committerdate --format %(refname) %(objectname) %(*objectname) [5ms]
[2022-03-02T16:15:45.618Z] > git remote --verbose [2ms]
[2022-03-02T16:15:45.624Z] > git config --get commit.template [1ms]
[2022-03-02T16:16:47.368Z] > git ls-files --stage -- /home/azureuser/trio-task/flask-app/Dockerfile [6ms]
[2022-03-02T16:16:47.374Z] > git cat-file -s fc7807409fa464a82ede94667433c0669d323083 [3ms]
[2022-03-02T16:17:05.880Z] > git symbolic-ref --short HEAD [2ms]
[2022-03-02T16:17:05.886Z] > git for-each-ref --format=%(refname)%00%(upstream:short)%00%(objectname)%00%(upstream:track) refs/heads/master refs/remotes/master [3ms]
[2022-03-02T16:17:05.894Z] > git for-each-ref --sort -committerdate --format %(refname) %(objectname) %(*objectname) [6ms]
[2022-03-02T16:17:05.894Z] > git remote --verbose [2ms]
[2022-03-02T16:17:05.900Z] > git config --get commit.template [1ms]
[2022-03-02T16:17:43.892Z] > git symbolic-ref --short HEAD [2ms]
[2022-03-02T16:17:43.896Z] > git for-each-ref --format=%(refname)%00%(upstream:short)%00%(objectname)%00%(upstream:track) refs/heads/master refs/remotes/master [2ms]
[2022-03-02T16:17:43.903Z] > git for-each-ref --sort -committerdate --format %(refname) %(objectname) %(*objectname) [4ms]
[2022-03-02T16:17:43.905Z] > git remote --verbose [2ms]
[2022-03-02T16:17:43.912Z] > git config --get commit.template [3ms]
