[2022-03-02T11:45:39.726Z] Validating found git in: git
[2022-03-02T11:45:39.760Z] Using git 2.25.1 from git
[2022-03-02T11:54:49.012Z] > git rev-parse --git-dir [2ms]
[2022-03-02T11:54:49.021Z] Open repository: /home/azureuser/docker-compose-tutorial/duo-task
[2022-03-02T11:54:49.035Z] > git symbolic-ref --short HEAD [1ms]
[2022-03-02T11:54:49.043Z] > git for-each-ref --format=%(refname)%00%(upstream:short)%00%(objectname)%00%(upstream:track) refs/heads/master refs/remotes/master [2ms]
[2022-03-02T11:54:49.051Z] > git for-each-ref --sort -committerdate --format %(refname) %(objectname) %(*objectname) [5ms]
[2022-03-02T11:54:49.053Z] > git remote --verbose [4ms]
[2022-03-02T11:54:49.060Z] > git config --get commit.template [2ms]
[2022-03-02T11:54:49.407Z] > git ls-files --stage -- /home/azureuser/docker-compose-tutorial/duo-task/Dockerfile [8ms]
[2022-03-02T11:54:49.412Z] > git cat-file -s 59183c098286c1abf3bb57bd9f2f454426647482 [1ms]
[2022-03-02T11:57:23.365Z] > git ls-files --stage -- /home/azureuser/docker-compose-tutorial/duo-task/app.py [3ms]
[2022-03-02T11:57:23.369Z] > git cat-file -s 7461eb811c5bcb54fc66fee5e86b1bd554c4dd5f [2ms]
[2022-03-02T11:57:31.070Z] > git ls-files --stage -- /home/azureuser/docker-compose-tutorial/duo-task/Dockerfile [4ms]
[2022-03-02T11:57:31.074Z] > git cat-file -s 59183c098286c1abf3bb57bd9f2f454426647482 [2ms]
[2022-03-02T12:00:42.262Z] > git symbolic-ref --short HEAD [2ms]
[2022-03-02T12:00:42.267Z] > git for-each-ref --format=%(refname)%00%(upstream:short)%00%(objectname)%00%(upstream:track) refs/heads/master refs/remotes/master [2ms]
[2022-03-02T12:00:42.273Z] > git for-each-ref --sort -committerdate --format %(refname) %(objectname) %(*objectname) [4ms]
[2022-03-02T12:00:42.275Z] > git remote --verbose [2ms]
[2022-03-02T12:00:42.284Z] > git config --get commit.template [3ms]
[2022-03-02T12:02:04.292Z] > git ls-files --stage -- /home/azureuser/docker-compose-tutorial/duo-task/nginx.conf [3ms]
[2022-03-02T12:02:04.296Z] > git cat-file -s 7211f007680a6b2918d94a3b6f6831455c20ed10 [2ms]
[2022-03-02T12:02:18.113Z] > git ls-files --stage -- /home/azureuser/docker-compose-tutorial/duo-task/README.md [19ms]
[2022-03-02T12:02:18.119Z] > git cat-file -s 13e99ff01c75a56bdaf07f633042580db45be657 [2ms]
[2022-03-02T12:02:41.802Z] > git ls-files --stage -- /home/azureuser/docker-compose-tutorial/duo-task/nginx.conf [3ms]
[2022-03-02T12:02:41.807Z] > git cat-file -s 7211f007680a6b2918d94a3b6f6831455c20ed10 [2ms]
[2022-03-02T12:04:56.902Z] > git symbolic-ref --short HEAD [2ms]
[2022-03-02T12:04:56.907Z] > git for-each-ref --format=%(refname)%00%(upstream:short)%00%(objectname)%00%(upstream:track) refs/heads/master refs/remotes/master [2ms]
[2022-03-02T12:04:56.913Z] > git for-each-ref --sort -committerdate --format %(refname) %(objectname) %(*objectname) [4ms]
[2022-03-02T12:04:56.916Z] > git remote --verbose [3ms]
[2022-03-02T12:04:56.925Z] > git config --get commit.template [2ms]
[2022-03-02T12:05:18.240Z] > git ls-files --stage -- /home/azureuser/docker-compose-tutorial/duo-task/duo-task.yaml [3ms]
[2022-03-02T12:05:25.736Z] > git ls-files --stage -- /home/azureuser/docker-compose-tutorial/duo-task/Dockerfile [4ms]
[2022-03-02T12:05:25.740Z] > git cat-file -s 59183c098286c1abf3bb57bd9f2f454426647482 [2ms]
[2022-03-02T12:05:33.754Z] > git ls-files --stage -- /home/azureuser/docker-compose-tutorial/duo-task/app.py [3ms]
[2022-03-02T12:05:33.758Z] > git cat-file -s 7461eb811c5bcb54fc66fee5e86b1bd554c4dd5f [1ms]
[2022-03-02T12:06:31.464Z] > git ls-files --stage -- /home/azureuser/docker-compose-tutorial/duo-task/duo-task.yaml [3ms]
[2022-03-02T12:07:02.473Z] > git ls-files --stage -- /home/azureuser/docker-compose-tutorial/duo-task/duo-task.yaml [3ms]
[2022-03-02T12:08:30.755Z] > git ls-files --stage -- /home/azureuser/docker-compose-tutorial/duo-task/duo _task-docker-compose.yaml [4ms]
[2022-03-02T12:08:31.483Z] > git symbolic-ref --short HEAD [2ms]
[2022-03-02T12:08:31.488Z] > git for-each-ref --format=%(refname)%00%(upstream:short)%00%(objectname)%00%(upstream:track) refs/heads/master refs/remotes/master [2ms]
[2022-03-02T12:08:31.495Z] > git for-each-ref --sort -committerdate --format %(refname) %(objectname) %(*objectname) [5ms]
[2022-03-02T12:08:31.497Z] > git remote --verbose [3ms]
[2022-03-02T12:08:31.504Z] > git config --get commit.template [1ms]
[2022-03-02T12:09:03.503Z] > git ls-files --stage -- /home/azureuser/docker-compose-tutorial/duo-task/duo _task-docker-compose.yaml [2ms]
[2022-03-02T12:09:25.417Z] > git ls-files --stage -- /home/azureuser/docker-compose-tutorial/duo-task/duo _task-docker-compose.yaml [3ms]
[2022-03-02T12:10:03.774Z] > git symbolic-ref --short HEAD [2ms]
[2022-03-02T12:10:03.779Z] > git for-each-ref --format=%(refname)%00%(upstream:short)%00%(objectname)%00%(upstream:track) refs/heads/master refs/remotes/master [2ms]
[2022-03-02T12:10:03.786Z] > git for-each-ref --sort -committerdate --format %(refname) %(objectname) %(*objectname) [5ms]
[2022-03-02T12:10:03.788Z] > git remote --verbose [3ms]
[2022-03-02T12:10:03.794Z] > git config --get commit.template [2ms]
[2022-03-02T12:14:24.354Z] > git ls-files --stage -- /home/azureuser/docker-compose-tutorial/duo-task/README.md [3ms]
[2022-03-02T12:14:24.358Z] > git cat-file -s 13e99ff01c75a56bdaf07f633042580db45be657 [2ms]
[2022-03-02T12:14:54.987Z] > git ls-files --stage -- /home/azureuser/docker-compose-tutorial/duo-task/duo _task-docker-compose.yaml [2ms]
[2022-03-02T12:15:23.968Z] > git ls-files --stage -- /home/azureuser/docker-compose-tutorial/duo-task/nginx.conf [3ms]
[2022-03-02T12:15:23.973Z] > git cat-file -s 7211f007680a6b2918d94a3b6f6831455c20ed10 [2ms]
[2022-03-02T12:15:48.688Z] > git ls-files --stage -- /home/azureuser/docker-compose-tutorial/duo-task/Dockerfile [3ms]
[2022-03-02T12:15:48.693Z] > git cat-file -s 59183c098286c1abf3bb57bd9f2f454426647482 [2ms]
[2022-03-02T12:19:31.046Z] > git symbolic-ref --short HEAD [2ms]
[2022-03-02T12:19:31.050Z] > git for-each-ref --format=%(refname)%00%(upstream:short)%00%(objectname)%00%(upstream:track) refs/heads/master refs/remotes/master [1ms]
[2022-03-02T12:19:31.057Z] > git for-each-ref --sort -committerdate --format %(refname) %(objectname) %(*objectname) [4ms]
[2022-03-02T12:19:31.059Z] > git remote --verbose [2ms]
[2022-03-02T12:19:31.066Z] > git config --get commit.template [1ms]
[2022-03-02T12:19:42.338Z] > git ls-files --stage -- /home/azureuser/docker-compose-tutorial/duo-task/README.md [3ms]
[2022-03-02T12:19:42.342Z] > git cat-file -s 13e99ff01c75a56bdaf07f633042580db45be657 [2ms]
[2022-03-02T12:20:04.626Z] > git ls-files --stage -- /home/azureuser/docker-compose-tutorial/duo-task/duo _task-docker-compose.yaml [3ms]
[2022-03-02T12:20:38.451Z] > git ls-files --stage -- /home/azureuser/docker-compose-tutorial/duo-task/app.py [2ms]
[2022-03-02T12:20:38.455Z] > git cat-file -s 7461eb811c5bcb54fc66fee5e86b1bd554c4dd5f [1ms]
[2022-03-02T12:21:17.118Z] > git ls-files --stage -- /home/azureuser/docker-compose-tutorial/duo-task/Dockerfile [5ms]
[2022-03-02T12:21:17.122Z] > git cat-file -s 59183c098286c1abf3bb57bd9f2f454426647482 [1ms]
[2022-03-02T12:22:15.927Z] > git ls-files --stage -- /home/azureuser/docker-compose-tutorial/duo-task/Dockerfile [2ms]
[2022-03-02T12:22:15.931Z] > git cat-file -s 59183c098286c1abf3bb57bd9f2f454426647482 [1ms]
[2022-03-02T12:22:47.635Z] > git symbolic-ref --short HEAD [2ms]
[2022-03-02T12:22:47.639Z] > git for-each-ref --format=%(refname)%00%(upstream:short)%00%(objectname)%00%(upstream:track) refs/heads/master refs/remotes/master [2ms]
[2022-03-02T12:22:47.645Z] > git for-each-ref --sort -committerdate --format %(refname) %(objectname) %(*objectname) [4ms]
[2022-03-02T12:22:47.650Z] > git remote --verbose [5ms]
[2022-03-02T12:22:47.657Z] > git config --get commit.template [3ms]
[2022-03-02T12:28:37.994Z] > git ls-files --stage -- /home/azureuser/docker-compose-tutorial/duo-task/duo _task-docker-compose.yaml [4ms]
[2022-03-02T12:28:42.759Z] > git symbolic-ref --short HEAD [2ms]
[2022-03-02T12:28:42.763Z] > git for-each-ref --format=%(refname)%00%(upstream:short)%00%(objectname)%00%(upstream:track) refs/heads/master refs/remotes/master [1ms]
[2022-03-02T12:28:42.770Z] > git for-each-ref --sort -committerdate --format %(refname) %(objectname) %(*objectname) [4ms]
[2022-03-02T12:28:42.771Z] > git remote --verbose [2ms]
[2022-03-02T12:28:42.777Z] > git config --get commit.template [2ms]
[2022-03-02T12:31:51.538Z] > git ls-files --stage -- /home/azureuser/docker-compose-tutorial/duo-task/app.py [3ms]
[2022-03-02T12:31:51.542Z] > git cat-file -s 7461eb811c5bcb54fc66fee5e86b1bd554c4dd5f [2ms]
[2022-03-02T12:32:30.952Z] > git ls-files --stage -- /home/azureuser/docker-compose-tutorial/duo-task/Dockerfile [3ms]
[2022-03-02T12:32:30.956Z] > git cat-file -s 59183c098286c1abf3bb57bd9f2f454426647482 [2ms]
[2022-03-02T12:33:02.743Z] > git symbolic-ref --short HEAD [1ms]
[2022-03-02T12:33:02.747Z] > git for-each-ref --format=%(refname)%00%(upstream:short)%00%(objectname)%00%(upstream:track) refs/heads/master refs/remotes/master [1ms]
[2022-03-02T12:33:02.754Z] > git for-each-ref --sort -committerdate --format %(refname) %(objectname) %(*objectname) [4ms]
[2022-03-02T12:33:02.755Z] > git remote --verbose [2ms]
[2022-03-02T12:33:02.761Z] > git config --get commit.template [2ms]
[2022-03-02T12:37:09.472Z] > git symbolic-ref --short HEAD [2ms]
[2022-03-02T12:37:09.477Z] > git for-each-ref --format=%(refname)%00%(upstream:short)%00%(objectname)%00%(upstream:track) refs/heads/master refs/remotes/master [1ms]
[2022-03-02T12:37:09.492Z] > git for-each-ref --sort -committerdate --format %(refname) %(objectname) %(*objectname) [12ms]
[2022-03-02T12:37:09.494Z] > git remote --verbose [3ms]
[2022-03-02T12:37:09.500Z] > git config --get commit.template [2ms]
[2022-03-02T12:37:27.496Z] > git ls-files --stage -- /home/azureuser/docker-compose-tutorial/duo-task/duo _task-docker-compose.yaml [3ms]
[2022-03-02T12:37:35.603Z] > git symbolic-ref --short HEAD [1ms]
[2022-03-02T12:37:35.608Z] > git for-each-ref --format=%(refname)%00%(upstream:short)%00%(objectname)%00%(upstream:track) refs/heads/master refs/remotes/master [2ms]
[2022-03-02T12:37:35.615Z] > git for-each-ref --sort -committerdate --format %(refname) %(objectname) %(*objectname) [5ms]
[2022-03-02T12:37:35.618Z] > git remote --verbose [4ms]
[2022-03-02T12:37:35.624Z] > git config --get commit.template [2ms]
[2022-03-02T12:39:40.205Z] > git ls-files --stage -- /home/azureuser/docker-compose-tutorial/duo-task/README.md [4ms]
[2022-03-02T12:39:40.209Z] > git cat-file -s 13e99ff01c75a56bdaf07f633042580db45be657 [2ms]
[2022-03-02T12:39:47.118Z] > git ls-files --stage -- /home/azureuser/docker-compose-tutorial/duo-task/requirements.txt [2ms]
[2022-03-02T12:39:47.123Z] > git cat-file -s 7deaf3b366b1d168e3d9b5f5b4a00b5e618e14f5 [2ms]
[2022-03-02T12:41:16.049Z] > git ls-files --stage -- /home/azureuser/docker-compose-tutorial/duo-task/Dockerfile [4ms]
[2022-03-02T12:41:16.054Z] > git cat-file -s 59183c098286c1abf3bb57bd9f2f454426647482 [2ms]
[2022-03-02T12:41:26.081Z] > git ls-files --stage -- /home/azureuser/docker-compose-tutorial/duo-task/app.py [3ms]
[2022-03-02T12:41:26.085Z] > git cat-file -s 7461eb811c5bcb54fc66fee5e86b1bd554c4dd5f [1ms]
[2022-03-02T12:41:38.267Z] > git ls-files --stage -- /home/azureuser/docker-compose-tutorial/duo-task/Dockerfile [2ms]
[2022-03-02T12:41:38.272Z] > git cat-file -s 59183c098286c1abf3bb57bd9f2f454426647482 [2ms]
[2022-03-02T12:42:22.596Z] > git ls-files --stage -- /home/azureuser/docker-compose-tutorial/duo-task/app.py [2ms]
[2022-03-02T12:42:22.600Z] > git cat-file -s 7461eb811c5bcb54fc66fee5e86b1bd554c4dd5f [1ms]
[2022-03-02T12:42:32.347Z] > git ls-files --stage -- /home/azureuser/docker-compose-tutorial/duo-task/duo _task-docker-compose.yaml [3ms]
[2022-03-02T12:42:44.879Z] > git ls-files --stage -- /home/azureuser/docker-compose-tutorial/duo-task/app.py [2ms]
[2022-03-02T12:42:44.883Z] > git cat-file -s 7461eb811c5bcb54fc66fee5e86b1bd554c4dd5f [1ms]
[2022-03-02T12:43:02.486Z] > git ls-files --stage -- /home/azureuser/docker-compose-tutorial/duo-task/Dockerfile [3ms]
[2022-03-02T12:43:02.490Z] > git cat-file -s 59183c098286c1abf3bb57bd9f2f454426647482 [1ms]
[2022-03-02T12:43:11.068Z] > git symbolic-ref --short HEAD [2ms]
[2022-03-02T12:43:11.073Z] > git for-each-ref --format=%(refname)%00%(upstream:short)%00%(objectname)%00%(upstream:track) refs/heads/master refs/remotes/master [2ms]
[2022-03-02T12:43:11.081Z] > git for-each-ref --sort -committerdate --format %(refname) %(objectname) %(*objectname) [5ms]
[2022-03-02T12:43:11.082Z] > git remote --verbose [2ms]
[2022-03-02T12:43:11.089Z] > git config --get commit.template [2ms]
[2022-03-02T12:45:07.998Z] > git ls-files --stage -- /home/azureuser/docker-compose-tutorial/duo-task/duo _task-docker-compose.yaml [3ms]
[2022-03-02T12:45:33.010Z] > git symbolic-ref --short HEAD [2ms]
[2022-03-02T12:45:33.014Z] > git for-each-ref --format=%(refname)%00%(upstream:short)%00%(objectname)%00%(upstream:track) refs/heads/master refs/remotes/master [2ms]
[2022-03-02T12:45:33.021Z] > git for-each-ref --sort -committerdate --format %(refname) %(objectname) %(*objectname) [4ms]
[2022-03-02T12:45:33.023Z] > git remote --verbose [3ms]
[2022-03-02T12:45:33.029Z] > git config --get commit.template [2ms]
[2022-03-02T12:48:57.924Z] > git ls-files --stage -- /home/azureuser/docker-compose-tutorial/duo-task/nginx.conf [3ms]
[2022-03-02T12:48:57.928Z] > git cat-file -s 7211f007680a6b2918d94a3b6f6831455c20ed10 [1ms]
[2022-03-02T12:53:34.240Z] > git ls-files --stage -- /home/azureuser/docker-compose-tutorial/duo-task/app.py [4ms]
[2022-03-02T12:53:34.244Z] > git cat-file -s 7461eb811c5bcb54fc66fee5e86b1bd554c4dd5f [1ms]
[2022-03-02T15:12:21.547Z] > git symbolic-ref --short HEAD [4ms]
[2022-03-02T15:12:21.552Z] > git for-each-ref --format=%(refname)%00%(upstream:short)%00%(objectname)%00%(upstream:track) refs/heads/master refs/remotes/master [2ms]
[2022-03-02T15:12:21.560Z] > git for-each-ref --sort -committerdate --format %(refname) %(objectname) %(*objectname) [5ms]
[2022-03-02T15:12:21.561Z] > git remote --verbose [3ms]
[2022-03-02T15:12:21.568Z] > git config --get commit.template [1ms]
[2022-03-02T15:12:26.583Z] > git symbolic-ref --short HEAD [3ms]
[2022-03-02T15:12:26.587Z] > git for-each-ref --format=%(refname)%00%(upstream:short)%00%(objectname)%00%(upstream:track) refs/heads/master refs/remotes/master [2ms]
[2022-03-02T15:12:26.594Z] > git for-each-ref --sort -committerdate --format %(refname) %(objectname) %(*objectname) [4ms]
[2022-03-02T15:12:26.596Z] > git remote --verbose [3ms]
[2022-03-02T15:12:26.602Z] > git config --get commit.template [2ms]
