[2022-02-27T19:20:22.749Z] Validating found git in: git
[2022-02-27T19:20:22.834Z] Using git 2.25.1 from git
[2022-02-27T19:20:22.964Z] > git rev-parse --git-dir [38ms]
[2022-02-27T19:20:22.970Z] Open repository: /home/azureuser/dockerfile_exercises/duo-task
[2022-02-27T19:20:23.031Z] > git symbolic-ref --short HEAD [6ms]
[2022-02-27T19:20:23.039Z] > git rev-parse --git-dir [10ms]
[2022-02-27T19:20:23.042Z] Open repository: /home/azureuser/dockerfile_exercises/multi-stage-build-exercise
[2022-02-27T19:20:23.052Z] > git for-each-ref --format=%(refname)%00%(upstream:short)%00%(objectname)%00%(upstream:track) refs/heads/master refs/remotes/master [17ms]
[2022-02-27T19:20:23.069Z] > git for-each-ref --sort -committerdate --format %(refname) %(objectname) %(*objectname) [12ms]
[2022-02-27T19:20:23.076Z] > git symbolic-ref --short HEAD [7ms]
[2022-02-27T19:20:23.080Z] > git remote --verbose [19ms]
[2022-02-27T19:20:23.099Z] > git for-each-ref --format=%(refname)%00%(upstream:short)%00%(objectname)%00%(upstream:track) refs/heads/master refs/remotes/master [19ms]
[2022-02-27T19:20:23.117Z] > git remote --verbose [10ms]
[2022-02-27T19:20:23.117Z] > git for-each-ref --sort -committerdate --format %(refname) %(objectname) %(*objectname) [14ms]
[2022-02-27T19:20:23.119Z] > git config --get commit.template [20ms]
[2022-02-27T19:20:23.128Z] > git config --get commit.template [5ms]
[2022-02-27T19:20:23.566Z] > git ls-files --stage -- /home/azureuser/dockerfile_exercises/duo-task/requirements.txt [7ms]
[2022-02-27T19:20:23.574Z] > git cat-file -s 7deaf3b366b1d168e3d9b5f5b4a00b5e618e14f5 [4ms]
[2022-02-27T19:28:43.566Z] > git rev-parse --git-dir [3ms]
[2022-02-27T19:28:43.569Z] Open repository: /home/azureuser/dockerfile_exercises/trio-task
[2022-02-27T19:28:43.583Z] > git symbolic-ref --short HEAD [3ms]
[2022-02-27T19:28:43.587Z] > git for-each-ref --format=%(refname)%00%(upstream:short)%00%(objectname)%00%(upstream:track) refs/heads/master refs/remotes/master [2ms]
[2022-02-27T19:28:43.596Z] > git for-each-ref --sort -committerdate --format %(refname) %(objectname) %(*objectname) [6ms]
[2022-02-27T19:28:43.598Z] > git remote --verbose [3ms]
[2022-02-27T19:28:43.607Z] > git config --get commit.template [5ms]
[2022-02-27T19:28:45.166Z] > git symbolic-ref --short HEAD [3ms]
[2022-02-27T19:28:45.172Z] > git for-each-ref --format=%(refname)%00%(upstream:short)%00%(objectname)%00%(upstream:track) refs/heads/master refs/remotes/master [4ms]
[2022-02-27T19:28:45.179Z] > git for-each-ref --sort -committerdate --format %(refname) %(objectname) %(*objectname) [5ms]
[2022-02-27T19:28:45.182Z] > git remote --verbose [4ms]
[2022-02-27T19:28:45.189Z] > git config --get commit.template [3ms]
[2022-02-27T19:29:29.394Z] > git ls-files --stage -- /home/azureuser/dockerfile_exercises/trio-task/nginx/nginx.conf [6ms]
[2022-02-27T19:29:29.404Z] > git cat-file -s 326e3d5fe258e623b9014ecb0f070cde2509059f [2ms]
[2022-02-27T19:29:40.542Z] > git ls-files --stage -- /home/azureuser/dockerfile_exercises/trio-task/db/Dockerfile [3ms]
[2022-02-27T19:29:40.546Z] > git cat-file -s 0fdb7d97c8582092a9a03652e6dc969fcc24e18f [2ms]
[2022-02-27T19:30:06.182Z] > git ls-files --stage -- /home/azureuser/dockerfile_exercises/duo-task/Dockerfile [4ms]
[2022-02-27T19:30:06.186Z] > git cat-file -s 59183c098286c1abf3bb57bd9f2f454426647482 [2ms]
[2022-02-27T19:30:50.501Z] > git ls-files --stage -- /home/azureuser/dockerfile_exercises/trio-task/db/Dockerfile [5ms]
[2022-02-27T19:30:50.506Z] > git cat-file -s 0fdb7d97c8582092a9a03652e6dc969fcc24e18f [2ms]
[2022-02-27T19:31:31.800Z] > git ls-files --stage -- /home/azureuser/dockerfile_exercises/duo-task/Dockerfile [4ms]
[2022-02-27T19:31:31.805Z] > git cat-file -s 59183c098286c1abf3bb57bd9f2f454426647482 [2ms]
[2022-02-27T19:31:46.074Z] > git ls-files --stage -- /home/azureuser/dockerfile_exercises/trio-task/db/Dockerfile [5ms]
[2022-02-27T19:31:46.079Z] > git cat-file -s 0fdb7d97c8582092a9a03652e6dc969fcc24e18f [2ms]
[2022-02-27T19:42:08.986Z] > git symbolic-ref --short HEAD [2ms]
[2022-02-27T19:42:08.991Z] > git for-each-ref --format=%(refname)%00%(upstream:short)%00%(objectname)%00%(upstream:track) refs/heads/master refs/remotes/master [2ms]
[2022-02-27T19:42:08.998Z] > git for-each-ref --sort -committerdate --format %(refname) %(objectname) %(*objectname) [4ms]
[2022-02-27T19:42:09.000Z] > git remote --verbose [3ms]
[2022-02-27T19:42:09.007Z] > git config --get commit.template [2ms]
[2022-02-27T19:42:11.880Z] > git ls-files --stage -- /home/azureuser/dockerfile_exercises/duo-task/Dockerfile [6ms]
[2022-02-27T19:42:11.886Z] > git cat-file -s 59183c098286c1abf3bb57bd9f2f454426647482 [2ms]
[2022-02-27T19:42:17.578Z] > git ls-files --stage -- /home/azureuser/dockerfile_exercises/trio-task/flask-app/Dockerfile [4ms]
[2022-02-27T19:42:17.582Z] > git cat-file -s fc7807409fa464a82ede94667433c0669d323083 [2ms]
[2022-02-27T19:44:48.761Z] > git symbolic-ref --short HEAD [2ms]
[2022-02-27T19:44:48.765Z] > git for-each-ref --format=%(refname)%00%(upstream:short)%00%(objectname)%00%(upstream:track) refs/heads/master refs/remotes/master [2ms]
[2022-02-27T19:44:48.773Z] > git for-each-ref --sort -committerdate --format %(refname) %(objectname) %(*objectname) [5ms]
[2022-02-27T19:44:48.775Z] > git remote --verbose [3ms]
[2022-02-27T19:44:48.781Z] > git config --get commit.template [2ms]
[2022-02-27T19:44:57.879Z] > git ls-files --stage -- /home/azureuser/dockerfile_exercises/trio-task/flask-app/app.py [3ms]
[2022-02-27T19:44:57.884Z] > git cat-file -s 72054453c5b75ffb9670ca4b4701fcae3028b48c [2ms]
[2022-02-27T19:49:34.775Z] > git ls-files --stage -- /home/azureuser/dockerfile_exercises/trio-task/db/Dockerfile [4ms]
[2022-02-27T19:49:34.780Z] > git cat-file -s 0fdb7d97c8582092a9a03652e6dc969fcc24e18f [2ms]
[2022-02-27T20:06:21.441Z] > git ls-files --stage -- /home/azureuser/dockerfile_exercises/trio-task/deploy.sh [6ms]
[2022-02-27T20:06:22.071Z] > git symbolic-ref --short HEAD [2ms]
[2022-02-27T20:06:22.076Z] > git for-each-ref --format=%(refname)%00%(upstream:short)%00%(objectname)%00%(upstream:track) refs/heads/master refs/remotes/master [2ms]
[2022-02-27T20:06:22.083Z] > git for-each-ref --sort -committerdate --format %(refname) %(objectname) %(*objectname) [4ms]
[2022-02-27T20:06:22.085Z] > git remote --verbose [2ms]
[2022-02-27T20:06:22.095Z] > git config --get commit.template [2ms]
[2022-02-27T20:24:16.259Z] > git ls-files --stage -- /home/azureuser/dockerfile_exercises/trio-task/nginx/nginx.conf [3ms]
[2022-02-27T20:24:16.263Z] > git cat-file -s 326e3d5fe258e623b9014ecb0f070cde2509059f [1ms]
[2022-02-27T20:24:33.298Z] > git ls-files --stage -- /home/azureuser/dockerfile_exercises/trio-task/deploy.sh [3ms]
[2022-02-27T20:40:28.875Z] > git symbolic-ref --short HEAD [2ms]
[2022-02-27T20:40:28.880Z] > git for-each-ref --format=%(refname)%00%(upstream:short)%00%(objectname)%00%(upstream:track) refs/heads/master refs/remotes/master [2ms]
[2022-02-27T20:40:28.887Z] > git for-each-ref --sort -committerdate --format %(refname) %(objectname) %(*objectname) [5ms]
[2022-02-27T20:40:28.891Z] > git remote --verbose [5ms]
[2022-02-27T20:40:28.897Z] > git config --get commit.template [2ms]
[2022-02-27T20:40:31.351Z] > git ls-files --stage -- /home/azureuser/dockerfile_exercises/trio-task/flask-app/app.py [3ms]
[2022-02-27T20:40:31.355Z] > git cat-file -s 72054453c5b75ffb9670ca4b4701fcae3028b48c [1ms]
[2022-02-27T20:40:34.713Z] > git symbolic-ref --short HEAD [2ms]
[2022-02-27T20:40:34.718Z] > git for-each-ref --format=%(refname)%00%(upstream:short)%00%(objectname)%00%(upstream:track) refs/heads/master refs/remotes/master [2ms]
[2022-02-27T20:40:34.726Z] > git for-each-ref --sort -committerdate --format %(refname) %(objectname) %(*objectname) [5ms]
[2022-02-27T20:40:34.727Z] > git remote --verbose [2ms]
[2022-02-27T20:40:34.735Z] > git config --get commit.template [3ms]
[2022-02-27T20:40:36.336Z] > git ls-files --stage -- /home/azureuser/dockerfile_exercises/trio-task/db/Dockerfile [4ms]
[2022-02-27T20:40:36.341Z] > git cat-file -s 0fdb7d97c8582092a9a03652e6dc969fcc24e18f [2ms]
[2022-02-27T20:40:41.554Z] > git ls-files --stage -- /home/azureuser/dockerfile_exercises/trio-task/flask-app/app.py [3ms]
[2022-02-27T20:40:41.558Z] > git cat-file -s 72054453c5b75ffb9670ca4b4701fcae3028b48c [1ms]
[2022-02-27T20:40:42.330Z] > git symbolic-ref --short HEAD [2ms]
[2022-02-27T20:40:42.334Z] > git for-each-ref --format=%(refname)%00%(upstream:short)%00%(objectname)%00%(upstream:track) refs/heads/master refs/remotes/master [2ms]
[2022-02-27T20:40:42.342Z] > git for-each-ref --sort -committerdate --format %(refname) %(objectname) %(*objectname) [5ms]
[2022-02-27T20:40:42.343Z] > git remote --verbose [2ms]
[2022-02-27T20:40:42.365Z] > git config --get commit.template [2ms]
[2022-02-27T20:40:55.799Z] > git ls-files --stage -- /home/azureuser/dockerfile_exercises/trio-task/flask-app/Dockerfile [3ms]
[2022-02-27T20:40:55.804Z] > git cat-file -s fc7807409fa464a82ede94667433c0669d323083 [2ms]
[2022-02-27T20:41:07.552Z] > git ls-files --stage -- /home/azureuser/dockerfile_exercises/trio-task/deploy.sh [2ms]
[2022-02-27T20:47:31.415Z] > git ls-files --stage -- /home/azureuser/dockerfile_exercises/trio-task/db/Dockerfile [19ms]
[2022-02-27T20:47:31.423Z] > git cat-file -s 0fdb7d97c8582092a9a03652e6dc969fcc24e18f [3ms]
[2022-02-27T20:51:55.427Z] > git symbolic-ref --short HEAD [2ms]
[2022-02-27T20:51:55.433Z] > git for-each-ref --format=%(refname)%00%(upstream:short)%00%(objectname)%00%(upstream:track) refs/heads/master refs/remotes/master [3ms]
[2022-02-27T20:51:55.443Z] > git for-each-ref --sort -committerdate --format %(refname) %(objectname) %(*objectname) [7ms]
[2022-02-27T20:51:55.449Z] > git remote --verbose [9ms]
[2022-02-27T20:51:55.455Z] > git config --get commit.template [2ms]
[2022-02-27T20:57:48.243Z] > git symbolic-ref --short HEAD [2ms]
[2022-02-27T20:57:48.250Z] > git for-each-ref --format=%(refname)%00%(upstream:short)%00%(objectname)%00%(upstream:track) refs/heads/master refs/remotes/master [1ms]
[2022-02-27T20:57:48.257Z] > git for-each-ref --sort -committerdate --format %(refname) %(objectname) %(*objectname) [5ms]
[2022-02-27T20:57:48.258Z] > git remote --verbose [2ms]
[2022-02-27T20:57:48.265Z] > git config --get commit.template [2ms]
[2022-02-27T20:58:49.771Z] > git ls-files --stage -- /home/azureuser/dockerfile_exercises/trio-task/flask-app/Dockerfile [4ms]
[2022-02-27T20:58:49.776Z] > git cat-file -s fc7807409fa464a82ede94667433c0669d323083 [2ms]
[2022-02-27T20:58:58.135Z] > git ls-files --stage -- /home/azureuser/dockerfile_exercises/trio-task/db/Dockerfile [3ms]
[2022-02-27T20:58:58.140Z] > git cat-file -s 0fdb7d97c8582092a9a03652e6dc969fcc24e18f [2ms]
[2022-02-27T20:59:04.883Z] > git ls-files --stage -- /home/azureuser/dockerfile_exercises/trio-task/deploy.sh [3ms]
